time="2021-11-23T16:41:18+01:00" level=info msg="Input /field_setup/alpine-dht.torrent, Output , Peer 19-ffaa:1:e94,[116.203.208.126]:42423, seed true, file /field_setup/alpine-standard-3.14.2-x86.iso"
time="2021-11-23T16:41:18+01:00" level=info msg="Loading file to RAM..."
time="2021-11-23T16:41:18+01:00" level=info msg="Loaded file to RAM"
time="2021-11-23T16:41:18+01:00" level=info msg="creating new dht node, initial nodes: [19-ffaa:1:e94,[116.203.208.126]:7575], listening on: 19-ffaa:1:e94,116.203.208.126:7575, peer port: 42423"
time="2021-11-23T16:41:18+01:00" level=info msg="created dht server with id [88 222 26 73 56 78 145 231 236 154 86 142 168 77 114 231 198 9 4 145]"
time="2021-11-23T16:41:18+01:00" level=info msg="Created Server"
2021-11-23T16:41:18+0100 DEBUG server.go:1063: falling back on starting nodes
time="2021-11-23T16:41:18+01:00" level=trace msg="unique starting nodes [19-ffaa:1:e94,[116.203.208.126]:7575]"
2021-11-23T16:41:18+0100 DEBUG server.go:295: received query "find_node" from 19-ffaa:1:e94,[116.203.208.126]:7575
2021-11-23T16:41:18+0100 INFO  server.go:624: refreshing node 19-ffaa:1:e94,[116.203.208.126]:7575
2021-11-23T16:41:18+0100 DEBUG server.go:576: replying to "19-ffaa:1:e94,[116.203.208.126]:7575"
2021-11-23T16:41:18+0100 INFO  server.go:624: refreshing node 19-ffaa:1:e94,[116.203.208.126]:7575
2021-11-23T16:41:18+0100 DEBUG server.go:824: Query(find_node) returned after 1.120051ms (err=<nil>, reply.Y=r, reply.E=<nil>, writes=1)
time="2021-11-23T16:41:18+01:00" level=info msg="announcing via dht"
time="2021-11-23T16:41:18+01:00" level=info msg="consuming peers"
2021-11-23T16:41:18+0100 DEBUG server.go:295: received query "get_peers" from 19-ffaa:1:e94,[116.203.208.126]:7575
2021-11-23T16:41:18+0100 INFO  server.go:624: refreshing node 19-ffaa:1:e94,[116.203.208.126]:7575
2021-11-23T16:41:18+0100 DEBUG server.go:576: replying to "19-ffaa:1:e94,[116.203.208.126]:7575"
2021-11-23T16:41:18+0100 INFO  server.go:624: refreshing node 19-ffaa:1:e94,[116.203.208.126]:7575
2021-11-23T16:41:18+0100 DEBUG server.go:824: Query(get_peers) returned after 687.654µs (err=<nil>, reply.Y=r, reply.E=<nil>, writes=1)
2021-11-23T16:41:18+0100 DEBUG announce.go:100: stalled traversal
2021-11-23T16:41:18+0100 DEBUG announce.go:102: stop traversal
2021-11-23T16:41:18+0100 DEBUG announce.go:104: stopped traversal
time="2021-11-23T16:41:18+01:00" level=info msg="handling {58de1a49384e91e7ec9a568ea84d72e7c6090491 at 19-ffaa:1:e94,[116.203.208.126]:7575}"
time="2021-11-23T16:41:18+01:00" level=info msg="done consuming peers"
2021-11-23T16:41:18+0100 DEBUG server.go:295: received query "announce_peer" from 19-ffaa:1:e94,[116.203.208.126]:7575
2021-11-23T16:41:18+0100 INFO  server.go:624: refreshing node 19-ffaa:1:e94,[116.203.208.126]:7575
2021-11-23T16:41:18+0100 DEBUG server.go:576: replying to "19-ffaa:1:e94,[116.203.208.126]:7575"
2021-11-23T16:41:18+0100 INFO  server.go:624: refreshing node 19-ffaa:1:e94,[116.203.208.126]:7575
2021-11-23T16:41:18+0100 DEBUG server.go:824: Query(announce_peer) returned after 736.714µs (err=<nil>, reply.Y=r, reply.E=<nil>, writes=1)
2021-11-23T16:41:18+0100 DEBUG announce.go:116: announce_peer to {58de1a49384e91e7ec9a568ea84d72e7c6090491 at 19-ffaa:1:e94,[116.203.208.126]:7575}: <nil>
time="2021-11-23T16:41:18+01:00" level=debug msg="handling announce for e77595389714d0ec67e05fe2c4877fa5a1cb9a20 - 19-ffaa:1:e94,116.203.208.126:7575 - 42423 - true"
2021/11/23 16:41:18 connection doesn't allow setting of receive buffer size. Not a *net.UDPConn?. See https://github.com/lucas-clemente/quic-go/wiki/UDP-Receive-Buffer-Size for details.
time="2021-11-23T16:41:18+01:00" level=debug msg="Listen on quic 116.203.208.126:42423 wtih scion 116.203.208.126:42423"
time="2021-11-23T16:41:18+01:00" level=info msg="waiting for MPPeer socket connect"
time="2021-11-23T16:41:18+01:00" level=debug msg="Wait for Dial In"
time="2021-11-23T16:41:18+01:00" level=debug msg="Accepting on quic 116.203.208.126:42423"
2021-11-23T16:41:39+0100 DEBUG server.go:295: received query "find_node" from 19-ffaa:1:e94,[23.88.103.31]:7575
2021-11-23T16:41:39+0100 INFO  server.go:624: refreshing node 19-ffaa:1:e94,[23.88.103.31]:7575
2021-11-23T16:41:39+0100 DEBUG server.go:576: replying to "19-ffaa:1:e94,[23.88.103.31]:7575"
2021-11-23T16:41:39+0100 DEBUG server.go:295: received query "get_peers" from 19-ffaa:1:e94,[23.88.103.31]:7575
2021-11-23T16:41:39+0100 INFO  server.go:624: refreshing node 19-ffaa:1:e94,[23.88.103.31]:7575
2021-11-23T16:41:39+0100 DEBUG server.go:576: replying to "19-ffaa:1:e94,[23.88.103.31]:7575"
2021-11-23T16:41:39+0100 DEBUG server.go:295: received query "announce_peer" from 19-ffaa:1:e94,[23.88.103.31]:7575
2021-11-23T16:41:39+0100 INFO  server.go:624: refreshing node 19-ffaa:1:e94,[23.88.103.31]:7575
2021-11-23T16:41:39+0100 DEBUG server.go:576: replying to "19-ffaa:1:e94,[23.88.103.31]:7575"
time="2021-11-23T16:41:39+01:00" level=debug msg="handling announce for e77595389714d0ec67e05fe2c4877fa5a1cb9a20 - 19-ffaa:1:e94,23.88.103.31:7575 - 42423 - true"
time="2021-11-23T16:41:39+01:00" level=debug msg="Setting return path"
time="2021-11-23T16:41:39+01:00" level=debug msg="Got session on quic 116.203.208.126:42423"
time="2021-11-23T16:41:39+01:00" level=debug msg="ASÖLKD on quic 116.203.208.126:42423"
time="2021-11-23T16:41:39+01:00" level=debug msg="Accepted on quic 116.203.208.126:42423 with 0xc00026a370"
time="2021-11-23T16:41:39+01:00" level=debug msg="Dialed In"
time="2021-11-23T16:41:39+01:00" level=debug msg="Set connection ready"
time="2021-11-23T16:41:39+01:00" level=debug msg="Waiting for 0 more connections"
time="2021-11-23T16:41:39+01:00" level=info msg="Got new Client, dialing back"
time="2021-11-23T16:41:39+01:00" level=info msg="waiting for MPPeer socket connect"
time="2021-11-23T16:41:39+01:00" level=debug msg="Wait for Dial In"
time="2021-11-23T16:41:39+01:00" level=debug msg="Accepting on quic 116.203.208.126:42423"
time="2021-11-23T16:41:39+01:00" level=debug msg="New Server listening on 19-ffaa:1:e94,116.203.208.126:45101"
time="2021-11-23T16:41:39+01:00" level=debug msg="Listen on quic 116.203.208.126:45101 wtih scion 116.203.208.126:45101"
time="2021-11-23T16:41:39+01:00" level=debug msg="Listening on 19-ffaa:1:e94,116.203.208.126:45101"
time="2021-11-23T16:41:39+01:00" level=debug msg="Connecting to 19-ffaa:1:e94,23.88.103.31:39105"
time="2021-11-23T16:41:39+01:00" level=debug msg="Remote port is 39105"
time="2021-11-23T16:41:39+01:00" level=debug msg="Dialing to 19-ffaa:1:e94,23.88.103.31:39105 and host 19-ffaa:1:e94,23.88.103.31:39105"
time="2021-11-23T16:41:39+01:00" level=debug msg="Opening Stream to 19-ffaa:1:e94,23.88.103.31:39105"
time="2021-11-23T16:41:39+01:00" level=debug msg="Opened Stream to 19-ffaa:1:e94,23.88.103.31:39105"
time="2021-11-23T16:41:39+01:00" level=debug msg="Setting stream 0xc0000ebce8 to conn 0xc0000ebce0"
time="2021-11-23T16:41:39+01:00" level=debug msg="Sending addr packet %!d(bool=true) for conn 0xc0000c0c28"
time="2021-11-23T16:41:39+01:00" level=debug msg="Dialed all to 19-ffaa:1:e94,23.88.103.31:39105, got 1 connections"
time="2021-11-23T16:41:39+01:00" level=debug msg="Got new connections 2"
time="2021-11-23T16:41:39+01:00" level=info msg="Starting upload to new client..."
time="2021-11-23T16:41:39+01:00" level=debug msg="Skip incoming connection"
time="2021-11-23T16:41:39+01:00" level=debug msg="Starting reading on conn 1 with handshake %!d(bool=false)"
time="2021-11-23T16:41:39+01:00" level=info msg="Received Handshake: {Pstr:BitTorrent protocol InfoHash:[231 117 149 56 151 20 208 236 103 224 95 226 196 135 127 165 161 203 154 32] PeerID:[207 255 125 19 186 124 230 71 157 218 93 215 35 183 228 102 55 248 140 204] DhtSupport:true}"
time="2021-11-23T16:41:39+01:00" level=info msg="sending PORT msg"
time="2021-11-23T16:41:39+01:00" level=debug msg="got port message"
time="2021-11-23T16:41:39+01:00" level=debug msg="sending dht ping to 19-ffaa:1:e94,23.88.103.31:7575"
time="2021-11-23T16:41:39+01:00" level=debug msg="got request for piece 0"
2021-11-23T16:41:39+0100 DEBUG server.go:295: received query "ping" from 19-ffaa:1:e94,[23.88.103.31]:7575
2021-11-23T16:41:39+0100 INFO  server.go:624: refreshing node 19-ffaa:1:e94,[23.88.103.31]:7575
2021-11-23T16:41:39+0100 DEBUG server.go:576: replying to "19-ffaa:1:e94,[23.88.103.31]:7575"
2021-11-23T16:41:39+0100 INFO  server.go:624: refreshing node 19-ffaa:1:e94,[23.88.103.31]:7575
2021-11-23T16:41:39+0100 DEBUG server.go:824: Query(ping) returned after 1.983943ms (err=<nil>, reply.Y=r, reply.E=<nil>, writes=1)
time="2021-11-23T16:41:39+01:00" level=debug msg="got request for piece 1"
time="2021-11-23T16:41:39+01:00" level=debug msg="got request for piece 2"
time="2021-11-23T16:41:39+01:00" level=debug msg="got request for piece 3"
time="2021-11-23T16:41:39+01:00" level=debug msg="got request for piece 4"
time="2021-11-23T16:41:39+01:00" level=debug msg="got request for piece 5"
time="2021-11-23T16:41:39+01:00" level=debug msg="got request for piece 6"
time="2021-11-23T16:41:39+01:00" level=debug msg="got request for piece 7"
time="2021-11-23T16:41:39+01:00" level=debug msg="got request for piece 8"
time="2021-11-23T16:41:40+01:00" level=debug msg="got request for piece 9"
time="2021-11-23T16:41:40+01:00" level=debug msg="got request for piece 10"
time="2021-11-23T16:41:40+01:00" level=debug msg="got request for piece 11"
time="2021-11-23T16:41:40+01:00" level=debug msg="got request for piece 12"
time="2021-11-23T16:41:40+01:00" level=debug msg="got request for piece 13"
time="2021-11-23T16:41:40+01:00" level=debug msg="got request for piece 14"
time="2021-11-23T16:41:40+01:00" level=debug msg="got request for piece 15"
time="2021-11-23T16:41:40+01:00" level=debug msg="got request for piece 16"
time="2021-11-23T16:41:40+01:00" level=debug msg="got request for piece 17"
time="2021-11-23T16:41:40+01:00" level=debug msg="got request for piece 18"
time="2021-11-23T16:41:40+01:00" level=debug msg="got request for piece 19"
time="2021-11-23T16:41:40+01:00" level=debug msg="got request for piece 20"
time="2021-11-23T16:41:40+01:00" level=debug msg="got request for piece 21"
time="2021-11-23T16:41:40+01:00" level=debug msg="got request for piece 22"
time="2021-11-23T16:41:40+01:00" level=debug msg="got request for piece 23"
time="2021-11-23T16:41:40+01:00" level=debug msg="got request for piece 24"
time="2021-11-23T16:41:40+01:00" level=debug msg="got request for piece 25"
time="2021-11-23T16:41:40+01:00" level=debug msg="got request for piece 26"
time="2021-11-23T16:41:40+01:00" level=debug msg="got request for piece 27"
time="2021-11-23T16:41:40+01:00" level=debug msg="got request for piece 28"
time="2021-11-23T16:41:40+01:00" level=debug msg="got request for piece 29"
time="2021-11-23T16:41:40+01:00" level=debug msg="got request for piece 30"
time="2021-11-23T16:41:40+01:00" level=debug msg="got request for piece 31"
time="2021-11-23T16:41:40+01:00" level=debug msg="got request for piece 32"
time="2021-11-23T16:41:40+01:00" level=debug msg="got request for piece 33"
time="2021-11-23T16:41:40+01:00" level=debug msg="got request for piece 34"
time="2021-11-23T16:41:40+01:00" level=debug msg="got request for piece 35"
time="2021-11-23T16:41:40+01:00" level=debug msg="got request for piece 36"
time="2021-11-23T16:41:40+01:00" level=debug msg="got request for piece 37"
time="2021-11-23T16:41:40+01:00" level=debug msg="got request for piece 38"
time="2021-11-23T16:41:40+01:00" level=debug msg="got request for piece 39"
time="2021-11-23T16:41:40+01:00" level=debug msg="got request for piece 40"
time="2021-11-23T16:41:40+01:00" level=debug msg="got request for piece 41"
time="2021-11-23T16:41:40+01:00" level=debug msg="got request for piece 42"
time="2021-11-23T16:41:40+01:00" level=debug msg="got request for piece 43"
time="2021-11-23T16:41:40+01:00" level=debug msg="got request for piece 44"
time="2021-11-23T16:41:40+01:00" level=debug msg="got request for piece 45"
time="2021-11-23T16:41:40+01:00" level=debug msg="got request for piece 46"
time="2021-11-23T16:41:40+01:00" level=debug msg="got request for piece 47"
time="2021-11-23T16:41:40+01:00" level=debug msg="got request for piece 48"
time="2021-11-23T16:41:40+01:00" level=debug msg="got request for piece 49"
time="2021-11-23T16:41:40+01:00" level=debug msg="got request for piece 50"
time="2021-11-23T16:41:40+01:00" level=debug msg="got request for piece 51"
time="2021-11-23T16:41:40+01:00" level=debug msg="got request for piece 52"
time="2021-11-23T16:41:40+01:00" level=debug msg="got request for piece 53"
time="2021-11-23T16:41:40+01:00" level=debug msg="got request for piece 54"
time="2021-11-23T16:41:40+01:00" level=debug msg="got request for piece 55"
time="2021-11-23T16:41:40+01:00" level=debug msg="got request for piece 56"
time="2021-11-23T16:41:40+01:00" level=debug msg="got request for piece 57"
time="2021-11-23T16:41:40+01:00" level=debug msg="got request for piece 58"
time="2021-11-23T16:41:40+01:00" level=debug msg="got request for piece 59"
time="2021-11-23T16:41:40+01:00" level=debug msg="got request for piece 60"
time="2021-11-23T16:41:40+01:00" level=debug msg="got request for piece 61"
time="2021-11-23T16:41:40+01:00" level=debug msg="got request for piece 62"
time="2021-11-23T16:41:40+01:00" level=debug msg="got request for piece 63"
time="2021-11-23T16:41:40+01:00" level=debug msg="got request for piece 64"
time="2021-11-23T16:41:40+01:00" level=debug msg="got request for piece 65"
time="2021-11-23T16:41:40+01:00" level=debug msg="got request for piece 66"
time="2021-11-23T16:41:40+01:00" level=debug msg="got request for piece 67"
time="2021-11-23T16:41:40+01:00" level=debug msg="got request for piece 68"
time="2021-11-23T16:41:40+01:00" level=debug msg="got request for piece 69"
time="2021-11-23T16:41:40+01:00" level=debug msg="got request for piece 70"
time="2021-11-23T16:41:40+01:00" level=debug msg="got request for piece 71"
time="2021-11-23T16:41:40+01:00" level=debug msg="got request for piece 72"
time="2021-11-23T16:41:40+01:00" level=debug msg="got request for piece 73"
time="2021-11-23T16:41:40+01:00" level=debug msg="got request for piece 74"
time="2021-11-23T16:41:40+01:00" level=debug msg="got request for piece 75"
time="2021-11-23T16:41:40+01:00" level=debug msg="got request for piece 76"
time="2021-11-23T16:41:40+01:00" level=debug msg="got request for piece 77"
time="2021-11-23T16:41:40+01:00" level=debug msg="got request for piece 78"
time="2021-11-23T16:41:40+01:00" level=debug msg="got request for piece 79"
time="2021-11-23T16:41:40+01:00" level=debug msg="got request for piece 80"
time="2021-11-23T16:41:40+01:00" level=debug msg="got request for piece 81"
time="2021-11-23T16:41:40+01:00" level=debug msg="got request for piece 82"
time="2021-11-23T16:41:40+01:00" level=debug msg="got request for piece 83"
time="2021-11-23T16:41:40+01:00" level=debug msg="got request for piece 84"
time="2021-11-23T16:41:40+01:00" level=debug msg="got request for piece 85"
time="2021-11-23T16:41:40+01:00" level=debug msg="got request for piece 86"
time="2021-11-23T16:41:40+01:00" level=debug msg="got request for piece 87"
time="2021-11-23T16:41:40+01:00" level=debug msg="got request for piece 88"
time="2021-11-23T16:41:40+01:00" level=debug msg="got request for piece 89"
time="2021-11-23T16:41:40+01:00" level=debug msg="got request for piece 90"
time="2021-11-23T16:41:40+01:00" level=debug msg="got request for piece 91"
time="2021-11-23T16:41:40+01:00" level=debug msg="got request for piece 92"
time="2021-11-23T16:41:40+01:00" level=debug msg="got request for piece 93"
time="2021-11-23T16:41:40+01:00" level=debug msg="got request for piece 94"
time="2021-11-23T16:41:40+01:00" level=debug msg="got request for piece 95"
time="2021-11-23T16:41:40+01:00" level=debug msg="got request for piece 96"
time="2021-11-23T16:41:40+01:00" level=debug msg="got request for piece 97"
time="2021-11-23T16:41:40+01:00" level=debug msg="got request for piece 98"
time="2021-11-23T16:41:40+01:00" level=debug msg="got request for piece 99"
time="2021-11-23T16:41:40+01:00" level=debug msg="got request for piece 100"
time="2021-11-23T16:41:40+01:00" level=debug msg="got request for piece 101"
time="2021-11-23T16:41:40+01:00" level=debug msg="got request for piece 102"
time="2021-11-23T16:41:40+01:00" level=debug msg="got request for piece 103"
time="2021-11-23T16:41:40+01:00" level=debug msg="got request for piece 104"
time="2021-11-23T16:41:40+01:00" level=debug msg="got request for piece 105"
time="2021-11-23T16:41:40+01:00" level=debug msg="got request for piece 106"
time="2021-11-23T16:41:40+01:00" level=debug msg="got request for piece 107"
time="2021-11-23T16:41:40+01:00" level=debug msg="got request for piece 108"
time="2021-11-23T16:41:40+01:00" level=debug msg="got request for piece 109"
time="2021-11-23T16:41:40+01:00" level=debug msg="got request for piece 110"
time="2021-11-23T16:41:40+01:00" level=debug msg="got request for piece 111"
time="2021-11-23T16:41:40+01:00" level=debug msg="got request for piece 112"
time="2021-11-23T16:41:40+01:00" level=debug msg="got request for piece 113"
time="2021-11-23T16:41:40+01:00" level=debug msg="got request for piece 114"
time="2021-11-23T16:41:40+01:00" level=debug msg="got request for piece 115"
time="2021-11-23T16:41:40+01:00" level=debug msg="got request for piece 116"
time="2021-11-23T16:41:40+01:00" level=debug msg="got request for piece 117"
time="2021-11-23T16:41:40+01:00" level=debug msg="got request for piece 118"
time="2021-11-23T16:41:40+01:00" level=debug msg="got request for piece 119"
time="2021-11-23T16:41:40+01:00" level=debug msg="got request for piece 120"
time="2021-11-23T16:41:40+01:00" level=debug msg="got request for piece 121"
time="2021-11-23T16:41:40+01:00" level=debug msg="got request for piece 122"
time="2021-11-23T16:41:40+01:00" level=debug msg="got request for piece 123"
time="2021-11-23T16:41:40+01:00" level=debug msg="got request for piece 124"
time="2021-11-23T16:41:40+01:00" level=debug msg="got request for piece 125"
time="2021-11-23T16:41:40+01:00" level=debug msg="got request for piece 126"
time="2021-11-23T16:41:40+01:00" level=debug msg="got request for piece 127"
time="2021-11-23T16:41:40+01:00" level=debug msg="got request for piece 128"
time="2021-11-23T16:41:40+01:00" level=debug msg="got request for piece 129"
time="2021-11-23T16:41:40+01:00" level=debug msg="got request for piece 130"
time="2021-11-23T16:41:40+01:00" level=debug msg="got request for piece 131"
time="2021-11-23T16:41:40+01:00" level=debug msg="got request for piece 132"
time="2021-11-23T16:41:40+01:00" level=debug msg="got request for piece 133"
time="2021-11-23T16:41:40+01:00" level=debug msg="got request for piece 134"
time="2021-11-23T16:41:40+01:00" level=debug msg="got request for piece 135"
time="2021-11-23T16:41:40+01:00" level=debug msg="got request for piece 136"
time="2021-11-23T16:41:40+01:00" level=debug msg="got request for piece 137"
time="2021-11-23T16:41:40+01:00" level=debug msg="got request for piece 138"
time="2021-11-23T16:41:40+01:00" level=debug msg="got request for piece 139"
time="2021-11-23T16:41:40+01:00" level=debug msg="got request for piece 140"
time="2021-11-23T16:41:40+01:00" level=debug msg="got request for piece 141"
time="2021-11-23T16:41:40+01:00" level=debug msg="got request for piece 142"
time="2021-11-23T16:41:40+01:00" level=debug msg="got request for piece 143"
time="2021-11-23T16:41:40+01:00" level=debug msg="got request for piece 144"
time="2021-11-23T16:41:40+01:00" level=debug msg="got request for piece 145"
time="2021-11-23T16:41:41+01:00" level=debug msg="got request for piece 146"
time="2021-11-23T16:41:41+01:00" level=debug msg="got request for piece 147"
time="2021-11-23T16:41:41+01:00" level=debug msg="got request for piece 148"
time="2021-11-23T16:41:41+01:00" level=debug msg="got request for piece 149"
time="2021-11-23T16:41:41+01:00" level=debug msg="got request for piece 150"
time="2021-11-23T16:41:41+01:00" level=debug msg="got request for piece 151"
time="2021-11-23T16:41:41+01:00" level=debug msg="got request for piece 152"
time="2021-11-23T16:41:41+01:00" level=debug msg="got request for piece 153"
time="2021-11-23T16:41:41+01:00" level=debug msg="got request for piece 154"
time="2021-11-23T16:41:41+01:00" level=debug msg="got request for piece 155"
time="2021-11-23T16:41:41+01:00" level=debug msg="got request for piece 156"
time="2021-11-23T16:41:41+01:00" level=debug msg="got request for piece 157"
time="2021-11-23T16:41:41+01:00" level=debug msg="got request for piece 158"
time="2021-11-23T16:41:41+01:00" level=debug msg="got request for piece 159"
time="2021-11-23T16:41:41+01:00" level=debug msg="got request for piece 160"
time="2021-11-23T16:41:41+01:00" level=debug msg="got request for piece 161"
time="2021-11-23T16:41:41+01:00" level=debug msg="got request for piece 162"
time="2021-11-23T16:41:41+01:00" level=debug msg="got request for piece 163"
time="2021-11-23T16:41:41+01:00" level=debug msg="got request for piece 164"
time="2021-11-23T16:41:41+01:00" level=debug msg="got request for piece 165"
time="2021-11-23T16:41:41+01:00" level=debug msg="got request for piece 166"
time="2021-11-23T16:41:41+01:00" level=debug msg="got request for piece 167"
time="2021-11-23T16:41:41+01:00" level=debug msg="got request for piece 168"
time="2021-11-23T16:41:41+01:00" level=debug msg="got request for piece 169"
time="2021-11-23T16:41:41+01:00" level=debug msg="got request for piece 170"
time="2021-11-23T16:41:41+01:00" level=debug msg="got request for piece 171"
time="2021-11-23T16:41:41+01:00" level=debug msg="got request for piece 172"
time="2021-11-23T16:41:41+01:00" level=debug msg="got request for piece 173"
time="2021-11-23T16:41:41+01:00" level=debug msg="got request for piece 174"
time="2021-11-23T16:41:41+01:00" level=debug msg="got request for piece 175"
time="2021-11-23T16:41:41+01:00" level=debug msg="got request for piece 176"
time="2021-11-23T16:41:41+01:00" level=debug msg="got request for piece 177"
time="2021-11-23T16:41:41+01:00" level=debug msg="got request for piece 178"
time="2021-11-23T16:41:41+01:00" level=debug msg="got request for piece 179"
time="2021-11-23T16:41:41+01:00" level=debug msg="got request for piece 180"
time="2021-11-23T16:41:41+01:00" level=debug msg="got request for piece 181"
time="2021-11-23T16:41:41+01:00" level=debug msg="got request for piece 182"
time="2021-11-23T16:41:41+01:00" level=debug msg="got request for piece 183"
time="2021-11-23T16:41:41+01:00" level=debug msg="got request for piece 184"
time="2021-11-23T16:41:41+01:00" level=debug msg="got request for piece 185"
time="2021-11-23T16:41:41+01:00" level=debug msg="got request for piece 186"
time="2021-11-23T16:41:41+01:00" level=debug msg="got request for piece 187"
time="2021-11-23T16:41:41+01:00" level=debug msg="got request for piece 188"
time="2021-11-23T16:41:41+01:00" level=debug msg="got request for piece 189"
time="2021-11-23T16:41:41+01:00" level=debug msg="got request for piece 190"
time="2021-11-23T16:41:41+01:00" level=debug msg="got request for piece 191"
time="2021-11-23T16:41:41+01:00" level=debug msg="got request for piece 192"
time="2021-11-23T16:41:41+01:00" level=debug msg="got request for piece 193"
time="2021-11-23T16:41:41+01:00" level=debug msg="got request for piece 194"
time="2021-11-23T16:41:41+01:00" level=debug msg="got request for piece 195"
time="2021-11-23T16:41:41+01:00" level=debug msg="got request for piece 196"
time="2021-11-23T16:41:41+01:00" level=debug msg="got request for piece 197"
time="2021-11-23T16:41:41+01:00" level=debug msg="got request for piece 198"
time="2021-11-23T16:41:41+01:00" level=debug msg="got request for piece 199"
time="2021-11-23T16:41:41+01:00" level=debug msg="got request for piece 200"
time="2021-11-23T16:41:41+01:00" level=debug msg="got request for piece 201"
time="2021-11-23T16:41:41+01:00" level=debug msg="got request for piece 202"
time="2021-11-23T16:41:41+01:00" level=debug msg="got request for piece 203"
time="2021-11-23T16:41:41+01:00" level=debug msg="got request for piece 204"
time="2021-11-23T16:41:41+01:00" level=debug msg="got request for piece 205"
time="2021-11-23T16:41:41+01:00" level=debug msg="got request for piece 206"
time="2021-11-23T16:41:41+01:00" level=debug msg="got request for piece 207"
time="2021-11-23T16:41:41+01:00" level=debug msg="got request for piece 208"
time="2021-11-23T16:41:41+01:00" level=debug msg="got request for piece 209"
time="2021-11-23T16:41:41+01:00" level=debug msg="got request for piece 210"
time="2021-11-23T16:41:41+01:00" level=debug msg="got request for piece 211"
time="2021-11-23T16:41:41+01:00" level=debug msg="got request for piece 212"
time="2021-11-23T16:41:41+01:00" level=debug msg="got request for piece 213"
time="2021-11-23T16:41:41+01:00" level=debug msg="got request for piece 214"
time="2021-11-23T16:41:41+01:00" level=debug msg="got request for piece 215"
time="2021-11-23T16:41:41+01:00" level=debug msg="got request for piece 216"
time="2021-11-23T16:41:41+01:00" level=debug msg="got request for piece 217"
time="2021-11-23T16:41:41+01:00" level=debug msg="got request for piece 218"
time="2021-11-23T16:41:41+01:00" level=debug msg="got request for piece 219"
time="2021-11-23T16:41:41+01:00" level=debug msg="got request for piece 220"
time="2021-11-23T16:41:41+01:00" level=debug msg="got request for piece 221"
time="2021-11-23T16:41:41+01:00" level=debug msg="got request for piece 222"
time="2021-11-23T16:41:41+01:00" level=debug msg="got request for piece 223"
time="2021-11-23T16:41:41+01:00" level=debug msg="got request for piece 224"
time="2021-11-23T16:41:41+01:00" level=debug msg="got request for piece 225"
time="2021-11-23T16:41:41+01:00" level=debug msg="got request for piece 226"
time="2021-11-23T16:41:41+01:00" level=debug msg="got request for piece 227"
time="2021-11-23T16:41:41+01:00" level=debug msg="got request for piece 228"
time="2021-11-23T16:41:41+01:00" level=debug msg="got request for piece 229"
time="2021-11-23T16:41:41+01:00" level=debug msg="got request for piece 230"
time="2021-11-23T16:41:41+01:00" level=debug msg="got request for piece 231"
time="2021-11-23T16:41:41+01:00" level=debug msg="got request for piece 232"
time="2021-11-23T16:41:41+01:00" level=debug msg="got request for piece 233"
time="2021-11-23T16:41:41+01:00" level=debug msg="got request for piece 234"
time="2021-11-23T16:41:41+01:00" level=debug msg="got request for piece 235"
time="2021-11-23T16:41:41+01:00" level=debug msg="got request for piece 236"
time="2021-11-23T16:41:41+01:00" level=debug msg="got request for piece 237"
time="2021-11-23T16:41:41+01:00" level=debug msg="got request for piece 238"
time="2021-11-23T16:41:41+01:00" level=debug msg="got request for piece 239"
time="2021-11-23T16:41:41+01:00" level=debug msg="got request for piece 240"
time="2021-11-23T16:41:41+01:00" level=debug msg="got request for piece 241"
time="2021-11-23T16:41:41+01:00" level=debug msg="got request for piece 242"
time="2021-11-23T16:41:41+01:00" level=debug msg="got request for piece 243"
time="2021-11-23T16:41:41+01:00" level=debug msg="got request for piece 244"
time="2021-11-23T16:41:41+01:00" level=debug msg="got request for piece 245"
time="2021-11-23T16:41:41+01:00" level=debug msg="got request for piece 246"
time="2021-11-23T16:41:41+01:00" level=debug msg="got request for piece 247"
time="2021-11-23T16:41:41+01:00" level=debug msg="got request for piece 248"
time="2021-11-23T16:41:41+01:00" level=debug msg="got request for piece 249"
time="2021-11-23T16:41:41+01:00" level=debug msg="got request for piece 250"
time="2021-11-23T16:41:41+01:00" level=debug msg="got request for piece 251"
time="2021-11-23T16:41:41+01:00" level=debug msg="got request for piece 252"
time="2021-11-23T16:41:41+01:00" level=debug msg="got request for piece 253"
time="2021-11-23T16:41:41+01:00" level=debug msg="got request for piece 254"
time="2021-11-23T16:41:41+01:00" level=debug msg="got request for piece 255"
time="2021-11-23T16:41:41+01:00" level=debug msg="got request for piece 256"
time="2021-11-23T16:41:41+01:00" level=debug msg="got request for piece 257"
time="2021-11-23T16:41:41+01:00" level=debug msg="got request for piece 258"
time="2021-11-23T16:41:41+01:00" level=debug msg="got request for piece 259"
time="2021-11-23T16:41:41+01:00" level=debug msg="got request for piece 260"
time="2021-11-23T16:41:41+01:00" level=debug msg="got request for piece 261"
time="2021-11-23T16:41:41+01:00" level=debug msg="got request for piece 262"
time="2021-11-23T16:41:41+01:00" level=debug msg="got request for piece 263"
time="2021-11-23T16:41:41+01:00" level=debug msg="got request for piece 264"
time="2021-11-23T16:41:41+01:00" level=debug msg="got request for piece 265"
time="2021-11-23T16:41:41+01:00" level=debug msg="got request for piece 266"
time="2021-11-23T16:41:41+01:00" level=debug msg="got request for piece 267"
time="2021-11-23T16:41:41+01:00" level=debug msg="got request for piece 268"
time="2021-11-23T16:41:41+01:00" level=debug msg="got request for piece 269"
time="2021-11-23T16:41:41+01:00" level=debug msg="got request for piece 270"
time="2021-11-23T16:41:41+01:00" level=debug msg="got request for piece 271"
time="2021-11-23T16:41:41+01:00" level=debug msg="got request for piece 272"
time="2021-11-23T16:41:41+01:00" level=debug msg="got request for piece 273"
time="2021-11-23T16:41:41+01:00" level=debug msg="got request for piece 274"
time="2021-11-23T16:41:41+01:00" level=debug msg="got request for piece 275"
time="2021-11-23T16:41:41+01:00" level=debug msg="got request for piece 276"
time="2021-11-23T16:41:41+01:00" level=debug msg="got request for piece 277"
time="2021-11-23T16:41:41+01:00" level=debug msg="got request for piece 278"
time="2021-11-23T16:41:41+01:00" level=debug msg="got request for piece 279"
time="2021-11-23T16:41:41+01:00" level=debug msg="got request for piece 280"
time="2021-11-23T16:41:41+01:00" level=debug msg="got request for piece 281"
time="2021-11-23T16:41:41+01:00" level=debug msg="got request for piece 282"
time="2021-11-23T16:41:41+01:00" level=debug msg="got request for piece 283"
time="2021-11-23T16:41:41+01:00" level=debug msg="got request for piece 284"
time="2021-11-23T16:41:41+01:00" level=debug msg="got request for piece 285"
time="2021-11-23T16:41:42+01:00" level=debug msg="got request for piece 286"
time="2021-11-23T16:41:42+01:00" level=debug msg="got request for piece 287"
time="2021-11-23T16:41:42+01:00" level=debug msg="got request for piece 288"
time="2021-11-23T16:41:42+01:00" level=debug msg="got request for piece 289"
time="2021-11-23T16:41:42+01:00" level=debug msg="got request for piece 290"
time="2021-11-23T16:41:42+01:00" level=debug msg="got request for piece 291"
time="2021-11-23T16:41:42+01:00" level=debug msg="got request for piece 292"
time="2021-11-23T16:41:42+01:00" level=debug msg="got request for piece 293"
time="2021-11-23T16:41:42+01:00" level=debug msg="got request for piece 294"
time="2021-11-23T16:41:42+01:00" level=debug msg="got request for piece 295"
time="2021-11-23T16:41:42+01:00" level=debug msg="got request for piece 296"
time="2021-11-23T16:41:42+01:00" level=debug msg="got request for piece 297"
time="2021-11-23T16:41:42+01:00" level=debug msg="got request for piece 298"
time="2021-11-23T16:41:42+01:00" level=debug msg="got request for piece 299"
time="2021-11-23T16:41:42+01:00" level=debug msg="got request for piece 300"
time="2021-11-23T16:41:42+01:00" level=debug msg="got request for piece 301"
time="2021-11-23T16:41:42+01:00" level=debug msg="got request for piece 302"
time="2021-11-23T16:41:42+01:00" level=debug msg="got request for piece 303"
time="2021-11-23T16:41:42+01:00" level=debug msg="got request for piece 304"
time="2021-11-23T16:41:42+01:00" level=debug msg="got request for piece 305"
time="2021-11-23T16:41:42+01:00" level=debug msg="got request for piece 306"
time="2021-11-23T16:41:42+01:00" level=debug msg="got request for piece 307"
time="2021-11-23T16:41:42+01:00" level=debug msg="got request for piece 308"
time="2021-11-23T16:41:42+01:00" level=debug msg="got request for piece 309"
time="2021-11-23T16:41:42+01:00" level=debug msg="got request for piece 310"
time="2021-11-23T16:41:42+01:00" level=debug msg="got request for piece 311"
time="2021-11-23T16:41:42+01:00" level=debug msg="got request for piece 312"
time="2021-11-23T16:41:42+01:00" level=debug msg="got request for piece 313"
time="2021-11-23T16:41:42+01:00" level=debug msg="got request for piece 314"
time="2021-11-23T16:41:42+01:00" level=debug msg="got request for piece 315"
time="2021-11-23T16:41:42+01:00" level=debug msg="got request for piece 316"
time="2021-11-23T16:41:42+01:00" level=debug msg="got request for piece 317"
time="2021-11-23T16:41:42+01:00" level=debug msg="got request for piece 318"
time="2021-11-23T16:41:42+01:00" level=debug msg="got request for piece 319"
time="2021-11-23T16:41:42+01:00" level=debug msg="got request for piece 320"
time="2021-11-23T16:41:42+01:00" level=debug msg="got request for piece 321"
time="2021-11-23T16:41:42+01:00" level=debug msg="got request for piece 322"
time="2021-11-23T16:41:42+01:00" level=debug msg="got request for piece 323"
time="2021-11-23T16:41:42+01:00" level=debug msg="got request for piece 324"
time="2021-11-23T16:41:42+01:00" level=debug msg="got request for piece 325"
time="2021-11-23T16:41:42+01:00" level=debug msg="got request for piece 326"
time="2021-11-23T16:41:42+01:00" level=debug msg="got request for piece 327"
time="2021-11-23T16:41:42+01:00" level=debug msg="got request for piece 328"
time="2021-11-23T16:41:42+01:00" level=debug msg="got request for piece 329"
time="2021-11-23T16:41:42+01:00" level=debug msg="got request for piece 330"
time="2021-11-23T16:41:42+01:00" level=debug msg="got request for piece 331"
time="2021-11-23T16:41:42+01:00" level=debug msg="got request for piece 332"
time="2021-11-23T16:41:42+01:00" level=debug msg="got request for piece 333"
time="2021-11-23T16:41:42+01:00" level=debug msg="got request for piece 334"
time="2021-11-23T16:41:42+01:00" level=debug msg="got request for piece 335"
time="2021-11-23T16:41:42+01:00" level=debug msg="got request for piece 336"
time="2021-11-23T16:41:42+01:00" level=debug msg="got request for piece 337"
time="2021-11-23T16:41:42+01:00" level=debug msg="got request for piece 338"
time="2021-11-23T16:41:42+01:00" level=debug msg="got request for piece 339"
time="2021-11-23T16:41:42+01:00" level=debug msg="got request for piece 340"
time="2021-11-23T16:41:42+01:00" level=debug msg="got request for piece 341"
time="2021-11-23T16:41:42+01:00" level=debug msg="got request for piece 342"
time="2021-11-23T16:41:42+01:00" level=debug msg="got request for piece 343"
time="2021-11-23T16:41:42+01:00" level=debug msg="got request for piece 344"
time="2021-11-23T16:41:42+01:00" level=debug msg="got request for piece 345"
time="2021-11-23T16:41:42+01:00" level=debug msg="got request for piece 346"
time="2021-11-23T16:41:42+01:00" level=debug msg="got request for piece 347"
time="2021-11-23T16:41:42+01:00" level=debug msg="got request for piece 348"
time="2021-11-23T16:41:42+01:00" level=debug msg="got request for piece 349"
time="2021-11-23T16:41:42+01:00" level=debug msg="got request for piece 350"
time="2021-11-23T16:41:42+01:00" level=debug msg="got request for piece 351"
time="2021-11-23T16:41:42+01:00" level=debug msg="got request for piece 352"
time="2021-11-23T16:41:42+01:00" level=debug msg="got request for piece 353"
time="2021-11-23T16:41:42+01:00" level=debug msg="got request for piece 354"
time="2021-11-23T16:41:42+01:00" level=debug msg="got request for piece 355"
time="2021-11-23T16:41:42+01:00" level=debug msg="got request for piece 356"
time="2021-11-23T16:41:42+01:00" level=debug msg="got request for piece 357"
time="2021-11-23T16:41:42+01:00" level=debug msg="got request for piece 358"
time="2021-11-23T16:41:42+01:00" level=debug msg="got request for piece 359"
time="2021-11-23T16:41:42+01:00" level=debug msg="got request for piece 360"
time="2021-11-23T16:41:42+01:00" level=debug msg="got request for piece 361"
time="2021-11-23T16:41:42+01:00" level=debug msg="got request for piece 362"
time="2021-11-23T16:41:42+01:00" level=debug msg="got request for piece 363"
time="2021-11-23T16:41:42+01:00" level=debug msg="got request for piece 364"
time="2021-11-23T16:41:42+01:00" level=debug msg="got request for piece 365"
time="2021-11-23T16:41:42+01:00" level=debug msg="got request for piece 366"
time="2021-11-23T16:41:42+01:00" level=debug msg="got request for piece 367"
time="2021-11-23T16:41:42+01:00" level=debug msg="got request for piece 368"
time="2021-11-23T16:41:42+01:00" level=debug msg="got request for piece 369"
time="2021-11-23T16:41:42+01:00" level=debug msg="got request for piece 370"
time="2021-11-23T16:41:42+01:00" level=debug msg="got request for piece 371"
time="2021-11-23T16:41:42+01:00" level=debug msg="got request for piece 372"
time="2021-11-23T16:41:42+01:00" level=debug msg="got request for piece 373"
time="2021-11-23T16:41:42+01:00" level=debug msg="got request for piece 374"
time="2021-11-23T16:41:42+01:00" level=debug msg="got request for piece 375"
time="2021-11-23T16:41:42+01:00" level=debug msg="got request for piece 376"
time="2021-11-23T16:41:42+01:00" level=debug msg="got request for piece 377"
time="2021-11-23T16:41:42+01:00" level=debug msg="got request for piece 378"
time="2021-11-23T16:41:42+01:00" level=debug msg="got request for piece 379"
time="2021-11-23T16:41:42+01:00" level=debug msg="got request for piece 380"
time="2021-11-23T16:41:42+01:00" level=debug msg="got request for piece 381"
time="2021-11-23T16:41:42+01:00" level=debug msg="got request for piece 382"
time="2021-11-23T16:41:42+01:00" level=debug msg="got request for piece 383"
time="2021-11-23T16:41:42+01:00" level=debug msg="got request for piece 384"
time="2021-11-23T16:41:42+01:00" level=debug msg="got request for piece 385"
time="2021-11-23T16:41:42+01:00" level=debug msg="got request for piece 386"
time="2021-11-23T16:41:42+01:00" level=debug msg="got request for piece 387"
time="2021-11-23T16:41:42+01:00" level=debug msg="got request for piece 388"
time="2021-11-23T16:41:42+01:00" level=debug msg="got request for piece 389"
time="2021-11-23T16:41:42+01:00" level=debug msg="got request for piece 390"
time="2021-11-23T16:41:42+01:00" level=debug msg="got request for piece 391"
time="2021-11-23T16:41:42+01:00" level=debug msg="got request for piece 392"
time="2021-11-23T16:41:42+01:00" level=debug msg="got request for piece 393"
time="2021-11-23T16:41:42+01:00" level=debug msg="got request for piece 394"
time="2021-11-23T16:41:42+01:00" level=debug msg="got request for piece 395"
time="2021-11-23T16:41:42+01:00" level=debug msg="got request for piece 396"
time="2021-11-23T16:41:42+01:00" level=debug msg="got request for piece 397"
time="2021-11-23T16:41:42+01:00" level=debug msg="got request for piece 398"
time="2021-11-23T16:41:42+01:00" level=debug msg="got request for piece 399"
time="2021-11-23T16:41:42+01:00" level=debug msg="got request for piece 400"
time="2021-11-23T16:41:42+01:00" level=debug msg="got request for piece 401"
time="2021-11-23T16:41:42+01:00" level=debug msg="got request for piece 402"
time="2021-11-23T16:41:42+01:00" level=debug msg="got request for piece 403"
time="2021-11-23T16:41:42+01:00" level=debug msg="got request for piece 404"
time="2021-11-23T16:41:42+01:00" level=debug msg="got request for piece 405"
time="2021-11-23T16:41:42+01:00" level=debug msg="got request for piece 406"
time="2021-11-23T16:41:42+01:00" level=debug msg="got request for piece 407"
time="2021-11-23T16:41:42+01:00" level=debug msg="got request for piece 408"
time="2021-11-23T16:41:42+01:00" level=debug msg="got request for piece 409"
time="2021-11-23T16:41:42+01:00" level=debug msg="got request for piece 410"
time="2021-11-23T16:41:42+01:00" level=debug msg="got request for piece 411"
time="2021-11-23T16:41:42+01:00" level=debug msg="got request for piece 412"
time="2021-11-23T16:41:42+01:00" level=debug msg="got request for piece 413"
time="2021-11-23T16:41:42+01:00" level=debug msg="got request for piece 414"
time="2021-11-23T16:41:42+01:00" level=debug msg="got request for piece 415"
time="2021-11-23T16:41:42+01:00" level=debug msg="got request for piece 416"
time="2021-11-23T16:41:42+01:00" level=debug msg="got request for piece 417"
time="2021-11-23T16:41:42+01:00" level=debug msg="got request for piece 418"
time="2021-11-23T16:41:42+01:00" level=debug msg="got request for piece 419"
time="2021-11-23T16:41:42+01:00" level=debug msg="got request for piece 420"
time="2021-11-23T16:41:42+01:00" level=debug msg="got request for piece 421"
time="2021-11-23T16:41:42+01:00" level=debug msg="got request for piece 422"
time="2021-11-23T16:41:42+01:00" level=debug msg="got request for piece 423"
time="2021-11-23T16:41:42+01:00" level=debug msg="got request for piece 424"
time="2021-11-23T16:41:42+01:00" level=debug msg="got request for piece 425"
time="2021-11-23T16:41:42+01:00" level=debug msg="got request for piece 426"
time="2021-11-23T16:41:42+01:00" level=debug msg="got request for piece 427"
time="2021-11-23T16:41:42+01:00" level=debug msg="got request for piece 428"
time="2021-11-23T16:41:42+01:00" level=debug msg="got request for piece 429"
time="2021-11-23T16:41:42+01:00" level=debug msg="got request for piece 430"
time="2021-11-23T16:41:42+01:00" level=debug msg="got request for piece 431"
time="2021-11-23T16:41:42+01:00" level=debug msg="got request for piece 432"
time="2021-11-23T16:41:42+01:00" level=debug msg="got request for piece 433"
time="2021-11-23T16:41:42+01:00" level=debug msg="got request for piece 434"
time="2021-11-23T16:41:42+01:00" level=debug msg="got request for piece 435"
time="2021-11-23T16:41:42+01:00" level=debug msg="got request for piece 436"
time="2021-11-23T16:41:43+01:00" level=debug msg="got request for piece 437"
time="2021-11-23T16:41:43+01:00" level=debug msg="got request for piece 438"
time="2021-11-23T16:41:43+01:00" level=debug msg="got request for piece 439"
time="2021-11-23T16:41:43+01:00" level=debug msg="got request for piece 440"
time="2021-11-23T16:41:43+01:00" level=debug msg="got request for piece 441"
time="2021-11-23T16:41:43+01:00" level=debug msg="got request for piece 442"
time="2021-11-23T16:41:43+01:00" level=debug msg="got request for piece 443"
time="2021-11-23T16:41:43+01:00" level=debug msg="got request for piece 444"
time="2021-11-23T16:41:43+01:00" level=debug msg="got request for piece 445"
time="2021-11-23T16:41:43+01:00" level=debug msg="got request for piece 446"
time="2021-11-23T16:41:43+01:00" level=debug msg="got request for piece 447"
time="2021-11-23T16:41:43+01:00" level=debug msg="got request for piece 448"
time="2021-11-23T16:41:43+01:00" level=debug msg="got request for piece 449"
time="2021-11-23T16:41:43+01:00" level=debug msg="got request for piece 450"
time="2021-11-23T16:41:43+01:00" level=debug msg="got request for piece 451"
time="2021-11-23T16:41:43+01:00" level=debug msg="got request for piece 452"
time="2021-11-23T16:41:43+01:00" level=debug msg="got request for piece 453"
time="2021-11-23T16:41:43+01:00" level=debug msg="got request for piece 454"
time="2021-11-23T16:41:43+01:00" level=debug msg="got request for piece 455"
time="2021-11-23T16:41:43+01:00" level=debug msg="got request for piece 456"
time="2021-11-23T16:41:43+01:00" level=debug msg="got request for piece 457"
time="2021-11-23T16:41:43+01:00" level=debug msg="got request for piece 458"
time="2021-11-23T16:41:43+01:00" level=debug msg="got request for piece 459"
time="2021-11-23T16:41:43+01:00" level=debug msg="got request for piece 460"
time="2021-11-23T16:41:43+01:00" level=debug msg="got request for piece 461"
time="2021-11-23T16:41:43+01:00" level=debug msg="got request for piece 462"
time="2021-11-23T16:41:43+01:00" level=debug msg="got request for piece 463"
time="2021-11-23T16:41:43+01:00" level=debug msg="got request for piece 464"
time="2021-11-23T16:41:43+01:00" level=debug msg="got request for piece 465"
time="2021-11-23T16:41:43+01:00" level=debug msg="got request for piece 466"
time="2021-11-23T16:41:43+01:00" level=debug msg="got request for piece 467"
time="2021-11-23T16:41:43+01:00" level=debug msg="got request for piece 468"
time="2021-11-23T16:41:43+01:00" level=debug msg="got request for piece 469"
time="2021-11-23T16:41:43+01:00" level=debug msg="got request for piece 470"
time="2021-11-23T16:41:43+01:00" level=debug msg="got request for piece 471"
time="2021-11-23T16:41:43+01:00" level=debug msg="got request for piece 472"
time="2021-11-23T16:41:43+01:00" level=debug msg="got request for piece 473"
time="2021-11-23T16:41:43+01:00" level=debug msg="got request for piece 474"
time="2021-11-23T16:41:43+01:00" level=debug msg="got request for piece 475"
time="2021-11-23T16:41:43+01:00" level=debug msg="got request for piece 476"
time="2021-11-23T16:41:43+01:00" level=debug msg="got request for piece 477"
time="2021-11-23T16:41:43+01:00" level=debug msg="got request for piece 478"
time="2021-11-23T16:41:43+01:00" level=debug msg="got request for piece 479"
time="2021-11-23T16:41:43+01:00" level=debug msg="got request for piece 480"
time="2021-11-23T16:41:43+01:00" level=debug msg="got request for piece 481"
time="2021-11-23T16:41:43+01:00" level=debug msg="got request for piece 482"
time="2021-11-23T16:41:43+01:00" level=debug msg="got request for piece 483"
time="2021-11-23T16:41:43+01:00" level=debug msg="got request for piece 484"
time="2021-11-23T16:41:43+01:00" level=debug msg="got request for piece 485"
time="2021-11-23T16:41:43+01:00" level=debug msg="got request for piece 486"
time="2021-11-23T16:41:43+01:00" level=debug msg="got request for piece 487"
time="2021-11-23T16:41:43+01:00" level=debug msg="got request for piece 488"
time="2021-11-23T16:41:43+01:00" level=debug msg="got request for piece 489"
time="2021-11-23T16:41:43+01:00" level=debug msg="got request for piece 490"
time="2021-11-23T16:41:43+01:00" level=debug msg="got request for piece 491"
time="2021-11-23T16:41:43+01:00" level=debug msg="got request for piece 492"
time="2021-11-23T16:41:43+01:00" level=debug msg="got request for piece 493"
time="2021-11-23T16:41:43+01:00" level=debug msg="got request for piece 494"
time="2021-11-23T16:41:43+01:00" level=debug msg="got request for piece 495"
time="2021-11-23T16:41:43+01:00" level=debug msg="got request for piece 496"
time="2021-11-23T16:41:43+01:00" level=debug msg="got request for piece 497"
time="2021-11-23T16:41:43+01:00" level=debug msg="got request for piece 498"
time="2021-11-23T16:41:43+01:00" level=debug msg="got request for piece 499"
time="2021-11-23T16:41:43+01:00" level=debug msg="got request for piece 500"
time="2021-11-23T16:41:43+01:00" level=debug msg="got request for piece 501"
time="2021-11-23T16:41:43+01:00" level=debug msg="got request for piece 502"
time="2021-11-23T16:41:43+01:00" level=debug msg="got request for piece 503"
time="2021-11-23T16:41:43+01:00" level=debug msg="got request for piece 504"
time="2021-11-23T16:41:43+01:00" level=debug msg="got request for piece 505"
time="2021-11-23T16:41:43+01:00" level=debug msg="got request for piece 506"
time="2021-11-23T16:41:43+01:00" level=debug msg="got request for piece 507"
time="2021-11-23T16:41:44+01:00" level=debug msg="Connection over path id da39a3ee5e6b4b0d3255bfef95601890afd80709 already open, skipping"
time="2021-11-23T16:41:44+01:00" level=debug msg="Dialed all to 19-ffaa:1:e94,23.88.103.31:39105, got 1 connections"
time="2021-11-23T16:41:44+01:00" level=debug msg="Got new connections 1"
time="2021-11-23T16:41:44+01:00" level=debug msg="Got already open conn for id da39a3ee5e6b4b0d3255bfef95601890afd80709"
time="2021-11-23T16:41:49+01:00" level=debug msg="Connection over path id da39a3ee5e6b4b0d3255bfef95601890afd80709 already open, skipping"
time="2021-11-23T16:41:49+01:00" level=debug msg="Dialed all to 19-ffaa:1:e94,23.88.103.31:39105, got 1 connections"
time="2021-11-23T16:41:49+01:00" level=debug msg="Got new connections 1"
time="2021-11-23T16:41:49+01:00" level=debug msg="Got already open conn for id da39a3ee5e6b4b0d3255bfef95601890afd80709"
time="2021-11-23T16:41:54+01:00" level=debug msg="Connection over path id da39a3ee5e6b4b0d3255bfef95601890afd80709 already open, skipping"
time="2021-11-23T16:41:54+01:00" level=debug msg="Dialed all to 19-ffaa:1:e94,23.88.103.31:39105, got 1 connections"
time="2021-11-23T16:41:54+01:00" level=debug msg="Got new connections 1"
time="2021-11-23T16:41:54+01:00" level=debug msg="Got already open conn for id da39a3ee5e6b4b0d3255bfef95601890afd80709"
time="2021-11-23T16:41:59+01:00" level=debug msg="Connection over path id da39a3ee5e6b4b0d3255bfef95601890afd80709 already open, skipping"
time="2021-11-23T16:41:59+01:00" level=debug msg="Dialed all to 19-ffaa:1:e94,23.88.103.31:39105, got 1 connections"
time="2021-11-23T16:41:59+01:00" level=debug msg="Got new connections 1"
time="2021-11-23T16:41:59+01:00" level=debug msg="Got already open conn for id da39a3ee5e6b4b0d3255bfef95601890afd80709"
2021-11-23T16:42:04+0100 DEBUG server.go:295: received query "find_node" from 18-ffaa:1:ebf,[116.203.182.170]:7575
2021-11-23T16:42:04+0100 INFO  server.go:624: refreshing node 18-ffaa:1:ebf,[116.203.182.170]:7575
2021-11-23T16:42:04+0100 DEBUG server.go:576: replying to "18-ffaa:1:ebf,[116.203.182.170]:7575"
time="2021-11-23T16:42:04+01:00" level=debug msg="Connection over path id da39a3ee5e6b4b0d3255bfef95601890afd80709 already open, skipping"
time="2021-11-23T16:42:04+01:00" level=debug msg="Dialed all to 19-ffaa:1:e94,23.88.103.31:39105, got 1 connections"
time="2021-11-23T16:42:04+01:00" level=debug msg="Got new connections 1"
time="2021-11-23T16:42:04+01:00" level=debug msg="Got already open conn for id da39a3ee5e6b4b0d3255bfef95601890afd80709"
2021-11-23T16:42:06+0100 DEBUG server.go:295: received query "get_peers" from 18-ffaa:1:ebf,[116.203.182.170]:7575
2021-11-23T16:42:06+0100 INFO  server.go:624: refreshing node 18-ffaa:1:ebf,[116.203.182.170]:7575
2021-11-23T16:42:06+0100 DEBUG server.go:576: replying to "18-ffaa:1:ebf,[116.203.182.170]:7575"
2021-11-23T16:42:06+0100 DEBUG server.go:295: received query "announce_peer" from 18-ffaa:1:ebf,[116.203.182.170]:7575
2021-11-23T16:42:06+0100 INFO  server.go:624: refreshing node 18-ffaa:1:ebf,[116.203.182.170]:7575
2021-11-23T16:42:06+0100 DEBUG server.go:576: replying to "18-ffaa:1:ebf,[116.203.182.170]:7575"
time="2021-11-23T16:42:06+01:00" level=debug msg="handling announce for e77595389714d0ec67e05fe2c4877fa5a1cb9a20 - 18-ffaa:1:ebf,116.203.182.170:7575 - 42423 - true"
time="2021-11-23T16:42:09+01:00" level=debug msg="Connection over path id da39a3ee5e6b4b0d3255bfef95601890afd80709 already open, skipping"
time="2021-11-23T16:42:09+01:00" level=debug msg="Dialed all to 19-ffaa:1:e94,23.88.103.31:39105, got 1 connections"
time="2021-11-23T16:42:09+01:00" level=debug msg="Got new connections 1"
time="2021-11-23T16:42:09+01:00" level=debug msg="Got already open conn for id da39a3ee5e6b4b0d3255bfef95601890afd80709"
