time="2021-11-23T16:42:23+01:00" level=info msg="Input /field_setup/alpine-dht.torrent, Output /field_setup/alpine.iso, Peer , seed false, file "
time="2021-11-23T16:42:23+01:00" level=info msg="creating new dht node, initial nodes: [19-ffaa:1:e94,[116.203.208.126]:7575 19-ffaa:1:e94,[23.88.103.31]:7575], listening on: 18-ffaa:1:ebf,116.203.232.136:7575, peer port: 42423"
time="2021-11-23T16:42:23+01:00" level=info msg="created dht server with id [121 177 142 128 142 190 105 111 3 12 130 14 137 52 78 161 179 85 151 133]"
time="2021-11-23T16:42:23+01:00" level=info msg="Starting download for alpine-standard-3.14.2-x86.iso"
2021-11-23T16:42:23+0100 DEBUG server.go:1063: falling back on starting nodes
time="2021-11-23T16:42:23+01:00" level=trace msg="unique starting nodes [19-ffaa:1:e94,[116.203.208.126]:7575 19-ffaa:1:e94,[23.88.103.31]:7575 18-ffaa:1:ebf,[116.203.232.136]:7575]"
2021-11-23T16:42:23+0100 DEBUG server.go:295: received query "find_node" from 18-ffaa:1:ebf,[116.203.232.136]:7575
2021-11-23T16:42:23+0100 INFO  server.go:624: refreshing node 18-ffaa:1:ebf,[116.203.232.136]:7575
2021-11-23T16:42:23+0100 DEBUG server.go:576: replying to "18-ffaa:1:ebf,[116.203.232.136]:7575"
2021-11-23T16:42:23+0100 INFO  server.go:624: refreshing node 18-ffaa:1:ebf,[116.203.232.136]:7575
2021-11-23T16:42:23+0100 DEBUG server.go:824: Query(find_node) returned after 2.608332ms (err=<nil>, reply.Y=r, reply.E=<nil>, writes=1)
2021-11-23T16:42:25+0100 INFO  server.go:624: refreshing node 19-ffaa:1:e94,[23.88.103.31]:7575
2021-11-23T16:42:25+0100 DEBUG server.go:824: Query(find_node) returned after 1.646701241s (err=<nil>, reply.Y=r, reply.E=<nil>, writes=1)
2021-11-23T16:42:39+0100 DEBUG server.go:824: Query(find_node) returned after 15.857907329s (err=after 3 tries: transaction timed out, reply.Y=, reply.E=<nil>, writes=3)
time="2021-11-23T16:42:39+01:00" level=info msg="announcing via dht"
time="2021-11-23T16:42:39+01:00" level=info msg="consuming peers"
2021-11-23T16:42:39+0100 DEBUG server.go:295: received query "get_peers" from 18-ffaa:1:ebf,[116.203.232.136]:7575
2021-11-23T16:42:39+0100 INFO  server.go:624: refreshing node 18-ffaa:1:ebf,[116.203.232.136]:7575
2021-11-23T16:42:39+0100 DEBUG server.go:576: replying to "18-ffaa:1:ebf,[116.203.232.136]:7575"
2021-11-23T16:42:39+0100 INFO  server.go:624: refreshing node 18-ffaa:1:ebf,[116.203.232.136]:7575
2021-11-23T16:42:39+0100 DEBUG server.go:824: Query(get_peers) returned after 550.608µs (err=<nil>, reply.Y=r, reply.E=<nil>, writes=1)
time="2021-11-23T16:42:39+01:00" level=info msg="handling {79b18e808ebe696f030c820e89344ea1b3559785 at 18-ffaa:1:ebf,[116.203.232.136]:7575}"
2021-11-23T16:42:39+0100 INFO  server.go:624: refreshing node 19-ffaa:1:e94,[23.88.103.31]:7575
2021-11-23T16:42:39+0100 DEBUG server.go:824: Query(get_peers) returned after 279.732895ms (err=<nil>, reply.Y=r, reply.E=<nil>, writes=1)
2021-11-23T16:42:39+0100 DEBUG announce.go:100: stalled traversal
2021-11-23T16:42:39+0100 DEBUG announce.go:102: stop traversal
2021-11-23T16:42:39+0100 DEBUG announce.go:104: stopped traversal
time="2021-11-23T16:42:39+01:00" level=info msg="handling {9d416b801f1affa19ecdf90df7e09cf690db8e71 at 19-ffaa:1:e94,[23.88.103.31]:7575}"
time="2021-11-23T16:42:39+01:00" level=info msg="handling cp 19-ffaa:1:e94,[23.88.103.31]:42423"
time="2021-11-23T16:42:39+01:00" level=info msg="received peer via dht: 19-ffaa:1:e94,[23.88.103.31]:42423-0, peer already known: false"
time="2021-11-23T16:42:39+01:00" level=info msg="handling cp 18-ffaa:1:ebf,[116.203.182.170]:42423"
time="2021-11-23T16:42:39+01:00" level=info msg="received peer via dht: 18-ffaa:1:ebf,[116.203.182.170]:42423-0, peer already known: false"
time="2021-11-23T16:42:39+01:00" level=info msg="done consuming peers"
time="2021-11-23T16:42:39+01:00" level=debug msg="Dialing from 18-ffaa:1:ebf,116.203.232.136:43441 to 18-ffaa:1:ebf,116.203.182.170:42423"
2021-11-23T16:42:39+0100 DEBUG server.go:295: received query "announce_peer" from 18-ffaa:1:ebf,[116.203.232.136]:7575
2021-11-23T16:42:39+0100 INFO  server.go:624: refreshing node 18-ffaa:1:ebf,[116.203.232.136]:7575
2021-11-23T16:42:39+0100 DEBUG server.go:576: replying to "18-ffaa:1:ebf,[116.203.232.136]:7575"
time="2021-11-23T16:42:39+01:00" level=debug msg="Dialing from 18-ffaa:1:ebf,116.203.232.136:34233 to 19-ffaa:1:e94,23.88.103.31:42423"
time="2021-11-23T16:42:39+01:00" level=debug msg="handling announce for e77595389714d0ec67e05fe2c4877fa5a1cb9a20 - 18-ffaa:1:ebf,116.203.232.136:7575 - 42423 - true"
2021-11-23T16:42:39+0100 INFO  server.go:624: refreshing node 18-ffaa:1:ebf,[116.203.232.136]:7575
2021-11-23T16:42:39+0100 DEBUG server.go:824: Query(announce_peer) returned after 1.151801ms (err=<nil>, reply.Y=r, reply.E=<nil>, writes=1)
2021-11-23T16:42:39+0100 DEBUG announce.go:116: announce_peer to {79b18e808ebe696f030c820e89344ea1b3559785 at 18-ffaa:1:ebf,[116.203.232.136]:7575}: <nil>
2021/11/23 16:42:39 connection doesn't allow setting of receive buffer size. Not a *net.UDPConn?. See https://github.com/lucas-clemente/quic-go/wiki/UDP-Receive-Buffer-Size for details.
time="2021-11-23T16:42:39+01:00" level=debug msg="Listen on quic 116.203.232.136:43441 wtih scion 116.203.232.136:43441"
time="2021-11-23T16:42:39+01:00" level=debug msg="Listening on 18-ffaa:1:ebf,116.203.232.136:43441"
time="2021-11-23T16:42:39+01:00" level=debug msg="Listen on quic 116.203.232.136:34233 wtih scion 116.203.232.136:34233"
time="2021-11-23T16:42:39+01:00" level=debug msg="Listening on 18-ffaa:1:ebf,116.203.232.136:34233"
time="2021-11-23T16:42:39+01:00" level=debug msg="Remote port is 42423"
time="2021-11-23T16:42:39+01:00" level=debug msg="Dialing to 18-ffaa:1:ebf,116.203.182.170:42423 and host 18-ffaa:1:ebf,116.203.182.170:42423"
time="2021-11-23T16:42:39+01:00" level=debug msg="Opening Stream to 18-ffaa:1:ebf,116.203.182.170:42423"
time="2021-11-23T16:42:39+01:00" level=debug msg="Opened Stream to 18-ffaa:1:ebf,116.203.182.170:42423"
time="2021-11-23T16:42:39+01:00" level=debug msg="Setting stream 0xc00029bef8 to conn 0xc00029bef0"
time="2021-11-23T16:42:39+01:00" level=debug msg="Sending addr packet %!d(bool=true) for conn 0xc000011e88"
time="2021-11-23T16:42:39+01:00" level=debug msg="Dialed all to 18-ffaa:1:ebf,116.203.182.170:42423, got 1 connections"
time="2021-11-23T16:42:39+01:00" level=debug msg="Waiting for incoming connection"
time="2021-11-23T16:42:39+01:00" level=debug msg="Wait for Dial In"
time="2021-11-23T16:42:39+01:00" level=debug msg="Accepting on quic 116.203.232.136:43441"
time="2021-11-23T16:42:39+01:00" level=debug msg="Setting return path"
time="2021-11-23T16:42:39+01:00" level=debug msg="Remote port is 42423"
time="2021-11-23T16:42:39+01:00" level=debug msg="Dialing to 19-ffaa:1:e94,23.88.103.31:42423 and host 19-ffaa:1:e94,23.88.103.31:42423"
time="2021-11-23T16:42:39+01:00" level=debug msg="Got session on quic 116.203.232.136:43441"
time="2021-11-23T16:42:39+01:00" level=debug msg="ASÖLKD on quic 116.203.232.136:43441"
time="2021-11-23T16:42:39+01:00" level=debug msg="Accepted on quic 116.203.232.136:43441 with 0xc00038fef0"
time="2021-11-23T16:42:39+01:00" level=debug msg="Dialed In"
time="2021-11-23T16:42:39+01:00" level=debug msg="Set connection ready"
time="2021-11-23T16:42:39+01:00" level=debug msg="Waiting for 0 more connections"
time="2021-11-23T16:42:39+01:00" level=debug msg="Accepted connection from 18-ffaa:1:ebf,116.203.182.170:45101"
time="2021-11-23T16:42:39+01:00" level=info msg="Done path selection"
time="2021-11-23T16:42:39+01:00" level=info msg="Starting handshake with remote 18-ffaa:1:ebf,116.203.182.170:45101..."
time="2021-11-23T16:42:39+01:00" level=debug msg="Waiting for new connections..."
time="2021-11-23T16:42:39+01:00" level=debug msg="Listen on quic 116.203.232.136:43442 wtih scion 116.203.232.136:43442"
time="2021-11-23T16:42:39+01:00" level=debug msg="Accepting on quic 116.203.232.136:43442"
time="2021-11-23T16:42:39+01:00" level=info msg="Received Handshake: {Pstr:BitTorrent protocol InfoHash:[231 117 149 56 151 20 208 236 103 224 95 226 196 135 127 165 161 203 154 32] PeerID:[12 251 179 230 159 27 230 3 123 197 242 96 22 121 28 2 235 69 143 78] DhtSupport:true}"
time="2021-11-23T16:42:39+01:00" level=info msg="sending PORT msg"
time="2021-11-23T16:42:39+01:00" level=debug msg="Completed handshake over conn 0xc00038fef0"
time="2021-11-23T16:42:39+01:00" level=debug msg="Connection GetRemote 18-ffaa:1:ebf,116.203.182.170:45101"
time="2021-11-23T16:42:39+01:00" level=info msg="Completed handshake with 18-ffaa:1:ebf,[116.203.182.170]:42423-0, got 1 clients"
time="2021-11-23T16:42:39+01:00" level=info msg="Starting download..."
time="2021-11-23T16:42:39+01:00" level=debug msg="requesting piece 0, start 0, size 262144"
time="2021-11-23T16:42:39+01:00" level=debug msg="got port message"
time="2021-11-23T16:42:39+01:00" level=debug msg="sending dht ping to 18-ffaa:1:ebf,116.203.182.170:7575"
2021-11-23T16:42:39+0100 INFO  server.go:624: refreshing node 18-ffaa:1:ebf,[116.203.182.170]:7575
2021-11-23T16:42:39+0100 DEBUG server.go:824: Query(ping) returned after 633.024µs (err=<nil>, reply.Y=r, reply.E=<nil>, writes=1)
2021-11-23T16:42:39+0100 DEBUG server.go:295: received query "ping" from 18-ffaa:1:ebf,[116.203.182.170]:7575
2021-11-23T16:42:39+0100 INFO  server.go:624: refreshing node 18-ffaa:1:ebf,[116.203.182.170]:7575
2021-11-23T16:42:39+0100 DEBUG server.go:576: replying to "18-ffaa:1:ebf,[116.203.182.170]:7575"
2021-11-23T16:42:40+0100 INFO  server.go:624: refreshing node 19-ffaa:1:e94,[23.88.103.31]:7575
2021-11-23T16:42:40+0100 DEBUG server.go:824: Query(announce_peer) returned after 299.234139ms (err=<nil>, reply.Y=r, reply.E=<nil>, writes=1)
2021-11-23T16:42:40+0100 DEBUG announce.go:116: announce_peer to {9d416b801f1affa19ecdf90df7e09cf690db8e71 at 19-ffaa:1:e94,[23.88.103.31]:7575}: <nil>
time="2021-11-23T16:42:40+01:00" level=info msg="received piece index 0"
time="2021-11-23T16:42:40+01:00" level=debug msg="requesting piece 1, start 0, size 262144"
time="2021-11-23T16:42:40+01:00" level=info msg="received piece index 1"
time="2021-11-23T16:42:40+01:00" level=debug msg="requesting piece 2, start 0, size 262144"
time="2021-11-23T16:42:40+01:00" level=info msg="received piece index 2"
time="2021-11-23T16:42:40+01:00" level=debug msg="requesting piece 3, start 0, size 262144"
time="2021-11-23T16:42:40+01:00" level=info msg="received piece index 3"
time="2021-11-23T16:42:40+01:00" level=debug msg="requesting piece 4, start 0, size 262144"
time="2021-11-23T16:42:41+01:00" level=info msg="received piece index 4"
time="2021-11-23T16:42:41+01:00" level=debug msg="requesting piece 5, start 0, size 262144"
time="2021-11-23T16:42:41+01:00" level=info msg="received piece index 5"
time="2021-11-23T16:42:41+01:00" level=debug msg="requesting piece 6, start 0, size 262144"
time="2021-11-23T16:42:41+01:00" level=info msg="received piece index 6"
time="2021-11-23T16:42:41+01:00" level=debug msg="requesting piece 7, start 0, size 262144"
time="2021-11-23T16:42:41+01:00" level=info msg="received piece index 7"
time="2021-11-23T16:42:41+01:00" level=debug msg="requesting piece 8, start 0, size 262144"
time="2021-11-23T16:42:42+01:00" level=info msg="received piece index 8"
time="2021-11-23T16:42:42+01:00" level=debug msg="requesting piece 9, start 0, size 262144"
time="2021-11-23T16:42:42+01:00" level=info msg="received piece index 9"
time="2021-11-23T16:42:42+01:00" level=debug msg="requesting piece 10, start 0, size 262144"
time="2021-11-23T16:42:42+01:00" level=info msg="received piece index 10"
time="2021-11-23T16:42:42+01:00" level=debug msg="requesting piece 11, start 0, size 262144"
time="2021-11-23T16:42:42+01:00" level=info msg="received piece index 11"
time="2021-11-23T16:42:42+01:00" level=debug msg="requesting piece 12, start 0, size 262144"
time="2021-11-23T16:42:42+01:00" level=info msg="received piece index 12"
time="2021-11-23T16:42:42+01:00" level=debug msg="requesting piece 13, start 0, size 262144"
time="2021-11-23T16:42:43+01:00" level=info msg="received piece index 13"
time="2021-11-23T16:42:43+01:00" level=debug msg="requesting piece 14, start 0, size 262144"
time="2021-11-23T16:42:43+01:00" level=info msg="received piece index 14"
time="2021-11-23T16:42:43+01:00" level=debug msg="requesting piece 15, start 0, size 262144"
time="2021-11-23T16:42:43+01:00" level=info msg="received piece index 15"
time="2021-11-23T16:42:43+01:00" level=debug msg="requesting piece 16, start 0, size 262144"
time="2021-11-23T16:42:43+01:00" level=info msg="received piece index 16"
time="2021-11-23T16:42:43+01:00" level=debug msg="requesting piece 17, start 0, size 262144"
time="2021-11-23T16:42:44+01:00" level=info msg="received piece index 17"
time="2021-11-23T16:42:44+01:00" level=debug msg="requesting piece 18, start 0, size 262144"
time="2021-11-23T16:42:44+01:00" level=info msg="received piece index 18"
time="2021-11-23T16:42:44+01:00" level=debug msg="requesting piece 19, start 0, size 262144"
time="2021-11-23T16:42:44+01:00" level=info msg="received piece index 19"
time="2021-11-23T16:42:44+01:00" level=debug msg="requesting piece 20, start 0, size 262144"
time="2021-11-23T16:42:44+01:00" level=info msg="received piece index 20"
time="2021-11-23T16:42:44+01:00" level=debug msg="requesting piece 21, start 0, size 262144"
time="2021-11-23T16:42:44+01:00" level=error msg="timeout: no recent network activity"
time="2021-11-23T16:42:44+01:00" level=error msg="Could not handshake with 19-ffaa:1:e94,[23.88.103.31]:42423-0. Disconnecting"
time="2021-11-23T16:42:45+01:00" level=info msg="received piece index 21"
time="2021-11-23T16:42:45+01:00" level=debug msg="requesting piece 22, start 0, size 262144"
time="2021-11-23T16:42:45+01:00" level=info msg="received piece index 22"
time="2021-11-23T16:42:45+01:00" level=debug msg="requesting piece 23, start 0, size 262144"
time="2021-11-23T16:42:45+01:00" level=info msg="received piece index 23"
time="2021-11-23T16:42:45+01:00" level=debug msg="requesting piece 24, start 0, size 262144"
time="2021-11-23T16:42:45+01:00" level=info msg="received piece index 24"
time="2021-11-23T16:42:45+01:00" level=debug msg="requesting piece 25, start 0, size 262144"
time="2021-11-23T16:42:46+01:00" level=info msg="received piece index 25"
time="2021-11-23T16:42:46+01:00" level=debug msg="requesting piece 26, start 0, size 262144"
time="2021-11-23T16:42:46+01:00" level=info msg="received piece index 26"
time="2021-11-23T16:42:46+01:00" level=debug msg="requesting piece 27, start 0, size 262144"
time="2021-11-23T16:42:46+01:00" level=info msg="received piece index 27"
time="2021-11-23T16:42:46+01:00" level=debug msg="requesting piece 28, start 0, size 262144"
time="2021-11-23T16:42:46+01:00" level=info msg="received piece index 28"
time="2021-11-23T16:42:46+01:00" level=debug msg="requesting piece 29, start 0, size 262144"
time="2021-11-23T16:42:46+01:00" level=info msg="received piece index 29"
time="2021-11-23T16:42:46+01:00" level=debug msg="requesting piece 30, start 0, size 262144"
time="2021-11-23T16:42:47+01:00" level=info msg="received piece index 30"
time="2021-11-23T16:42:47+01:00" level=debug msg="requesting piece 31, start 0, size 262144"
time="2021-11-23T16:42:47+01:00" level=info msg="received piece index 31"
time="2021-11-23T16:42:47+01:00" level=debug msg="requesting piece 32, start 0, size 262144"
time="2021-11-23T16:42:47+01:00" level=info msg="received piece index 32"
time="2021-11-23T16:42:47+01:00" level=debug msg="requesting piece 33, start 0, size 262144"
time="2021-11-23T16:42:47+01:00" level=info msg="received piece index 33"
time="2021-11-23T16:42:47+01:00" level=debug msg="requesting piece 34, start 0, size 262144"
time="2021-11-23T16:42:48+01:00" level=info msg="received piece index 34"
time="2021-11-23T16:42:48+01:00" level=debug msg="requesting piece 35, start 0, size 262144"
time="2021-11-23T16:42:48+01:00" level=info msg="received piece index 35"
time="2021-11-23T16:42:48+01:00" level=debug msg="requesting piece 36, start 0, size 262144"
time="2021-11-23T16:42:48+01:00" level=info msg="received piece index 36"
time="2021-11-23T16:42:48+01:00" level=debug msg="requesting piece 37, start 0, size 262144"
time="2021-11-23T16:42:48+01:00" level=info msg="received piece index 37"
time="2021-11-23T16:42:48+01:00" level=debug msg="requesting piece 38, start 0, size 262144"
time="2021-11-23T16:42:49+01:00" level=info msg="received piece index 38"
time="2021-11-23T16:42:49+01:00" level=debug msg="requesting piece 39, start 0, size 262144"
time="2021-11-23T16:42:49+01:00" level=info msg="received piece index 39"
time="2021-11-23T16:42:49+01:00" level=debug msg="requesting piece 40, start 0, size 262144"
time="2021-11-23T16:42:49+01:00" level=info msg="received piece index 40"
time="2021-11-23T16:42:49+01:00" level=debug msg="requesting piece 41, start 0, size 262144"
time="2021-11-23T16:42:49+01:00" level=info msg="received piece index 41"
time="2021-11-23T16:42:49+01:00" level=debug msg="requesting piece 42, start 0, size 262144"
time="2021-11-23T16:42:49+01:00" level=info msg="received piece index 42"
time="2021-11-23T16:42:49+01:00" level=debug msg="requesting piece 43, start 0, size 262144"
time="2021-11-23T16:42:50+01:00" level=info msg="received piece index 43"
time="2021-11-23T16:42:50+01:00" level=debug msg="requesting piece 44, start 0, size 262144"
time="2021-11-23T16:42:50+01:00" level=info msg="received piece index 44"
time="2021-11-23T16:42:50+01:00" level=debug msg="requesting piece 45, start 0, size 262144"
time="2021-11-23T16:42:50+01:00" level=info msg="received piece index 45"
time="2021-11-23T16:42:50+01:00" level=debug msg="requesting piece 46, start 0, size 262144"
time="2021-11-23T16:42:50+01:00" level=info msg="received piece index 46"
time="2021-11-23T16:42:50+01:00" level=debug msg="requesting piece 47, start 0, size 262144"
time="2021-11-23T16:42:51+01:00" level=info msg="received piece index 47"
time="2021-11-23T16:42:51+01:00" level=debug msg="requesting piece 48, start 0, size 262144"
time="2021-11-23T16:42:51+01:00" level=info msg="received piece index 48"
time="2021-11-23T16:42:51+01:00" level=debug msg="requesting piece 49, start 0, size 262144"
time="2021-11-23T16:42:51+01:00" level=info msg="received piece index 49"
time="2021-11-23T16:42:51+01:00" level=debug msg="requesting piece 50, start 0, size 262144"
time="2021-11-23T16:42:51+01:00" level=info msg="received piece index 50"
time="2021-11-23T16:42:51+01:00" level=debug msg="requesting piece 51, start 0, size 262144"
time="2021-11-23T16:42:52+01:00" level=info msg="received piece index 51"
time="2021-11-23T16:42:52+01:00" level=debug msg="requesting piece 52, start 0, size 262144"
time="2021-11-23T16:42:52+01:00" level=info msg="received piece index 52"
time="2021-11-23T16:42:52+01:00" level=debug msg="requesting piece 53, start 0, size 262144"
time="2021-11-23T16:42:52+01:00" level=info msg="received piece index 53"
time="2021-11-23T16:42:52+01:00" level=debug msg="requesting piece 54, start 0, size 262144"
time="2021-11-23T16:42:52+01:00" level=info msg="received piece index 54"
time="2021-11-23T16:42:52+01:00" level=debug msg="requesting piece 55, start 0, size 262144"
time="2021-11-23T16:42:53+01:00" level=info msg="received piece index 55"
time="2021-11-23T16:42:53+01:00" level=debug msg="requesting piece 56, start 0, size 262144"
time="2021-11-23T16:42:53+01:00" level=info msg="received piece index 56"
time="2021-11-23T16:42:53+01:00" level=debug msg="requesting piece 57, start 0, size 262144"
time="2021-11-23T16:42:53+01:00" level=info msg="received piece index 57"
time="2021-11-23T16:42:53+01:00" level=debug msg="requesting piece 58, start 0, size 262144"
time="2021-11-23T16:42:53+01:00" level=info msg="received piece index 58"
time="2021-11-23T16:42:53+01:00" level=debug msg="requesting piece 59, start 0, size 262144"
time="2021-11-23T16:42:53+01:00" level=info msg="received piece index 59"
time="2021-11-23T16:42:53+01:00" level=debug msg="requesting piece 60, start 0, size 262144"
time="2021-11-23T16:42:54+01:00" level=info msg="received piece index 60"
time="2021-11-23T16:42:54+01:00" level=debug msg="requesting piece 61, start 0, size 262144"
time="2021-11-23T16:42:54+01:00" level=info msg="received piece index 61"
time="2021-11-23T16:42:54+01:00" level=debug msg="requesting piece 62, start 0, size 262144"
time="2021-11-23T16:42:54+01:00" level=info msg="received piece index 62"
time="2021-11-23T16:42:54+01:00" level=debug msg="requesting piece 63, start 0, size 262144"
time="2021-11-23T16:42:54+01:00" level=info msg="received piece index 63"
time="2021-11-23T16:42:54+01:00" level=debug msg="requesting piece 64, start 0, size 262144"
time="2021-11-23T16:42:55+01:00" level=info msg="received piece index 64"
time="2021-11-23T16:42:55+01:00" level=debug msg="requesting piece 65, start 0, size 262144"
time="2021-11-23T16:42:55+01:00" level=info msg="received piece index 65"
time="2021-11-23T16:42:55+01:00" level=debug msg="requesting piece 66, start 0, size 262144"
time="2021-11-23T16:42:55+01:00" level=info msg="received piece index 66"
time="2021-11-23T16:42:55+01:00" level=debug msg="requesting piece 67, start 0, size 262144"
time="2021-11-23T16:42:55+01:00" level=info msg="received piece index 67"
time="2021-11-23T16:42:55+01:00" level=debug msg="requesting piece 68, start 0, size 262144"
time="2021-11-23T16:42:56+01:00" level=info msg="received piece index 68"
time="2021-11-23T16:42:56+01:00" level=debug msg="requesting piece 69, start 0, size 262144"
time="2021-11-23T16:42:56+01:00" level=info msg="received piece index 69"
time="2021-11-23T16:42:56+01:00" level=debug msg="requesting piece 70, start 0, size 262144"
time="2021-11-23T16:42:56+01:00" level=info msg="received piece index 70"
time="2021-11-23T16:42:56+01:00" level=debug msg="requesting piece 71, start 0, size 262144"
time="2021-11-23T16:42:56+01:00" level=info msg="received piece index 71"
time="2021-11-23T16:42:56+01:00" level=debug msg="requesting piece 72, start 0, size 262144"
time="2021-11-23T16:42:56+01:00" level=info msg="received piece index 72"
time="2021-11-23T16:42:56+01:00" level=debug msg="requesting piece 73, start 0, size 262144"
time="2021-11-23T16:42:57+01:00" level=info msg="received piece index 73"
time="2021-11-23T16:42:57+01:00" level=debug msg="requesting piece 74, start 0, size 262144"
time="2021-11-23T16:42:57+01:00" level=info msg="received piece index 74"
time="2021-11-23T16:42:57+01:00" level=debug msg="requesting piece 75, start 0, size 262144"
time="2021-11-23T16:42:57+01:00" level=info msg="received piece index 75"
time="2021-11-23T16:42:57+01:00" level=debug msg="requesting piece 76, start 0, size 262144"
time="2021-11-23T16:42:57+01:00" level=info msg="received piece index 76"
time="2021-11-23T16:42:57+01:00" level=debug msg="requesting piece 77, start 0, size 262144"
time="2021-11-23T16:42:58+01:00" level=info msg="received piece index 77"
time="2021-11-23T16:42:58+01:00" level=debug msg="requesting piece 78, start 0, size 262144"
time="2021-11-23T16:42:58+01:00" level=info msg="received piece index 78"
time="2021-11-23T16:42:58+01:00" level=debug msg="requesting piece 79, start 0, size 262144"
time="2021-11-23T16:42:58+01:00" level=info msg="received piece index 79"
time="2021-11-23T16:42:58+01:00" level=debug msg="requesting piece 80, start 0, size 262144"
time="2021-11-23T16:42:58+01:00" level=info msg="received piece index 80"
time="2021-11-23T16:42:58+01:00" level=debug msg="requesting piece 81, start 0, size 262144"
time="2021-11-23T16:42:59+01:00" level=info msg="received piece index 81"
time="2021-11-23T16:42:59+01:00" level=debug msg="requesting piece 82, start 0, size 262144"
time="2021-11-23T16:42:59+01:00" level=info msg="received piece index 82"
time="2021-11-23T16:42:59+01:00" level=debug msg="requesting piece 83, start 0, size 262144"
time="2021-11-23T16:42:59+01:00" level=info msg="received piece index 83"
time="2021-11-23T16:42:59+01:00" level=debug msg="requesting piece 84, start 0, size 262144"
time="2021-11-23T16:42:59+01:00" level=info msg="received piece index 84"
time="2021-11-23T16:42:59+01:00" level=debug msg="requesting piece 85, start 0, size 262144"
time="2021-11-23T16:42:59+01:00" level=info msg="received piece index 85"
time="2021-11-23T16:42:59+01:00" level=debug msg="requesting piece 86, start 0, size 262144"
time="2021-11-23T16:43:00+01:00" level=info msg="received piece index 86"
time="2021-11-23T16:43:00+01:00" level=debug msg="requesting piece 87, start 0, size 262144"
time="2021-11-23T16:43:00+01:00" level=info msg="received piece index 87"
time="2021-11-23T16:43:00+01:00" level=debug msg="requesting piece 88, start 0, size 262144"
time="2021-11-23T16:43:00+01:00" level=info msg="received piece index 88"
time="2021-11-23T16:43:00+01:00" level=debug msg="requesting piece 89, start 0, size 262144"
time="2021-11-23T16:43:00+01:00" level=info msg="received piece index 89"
time="2021-11-23T16:43:00+01:00" level=debug msg="requesting piece 90, start 0, size 262144"
time="2021-11-23T16:43:01+01:00" level=info msg="received piece index 90"
time="2021-11-23T16:43:01+01:00" level=debug msg="requesting piece 91, start 0, size 262144"
time="2021-11-23T16:43:01+01:00" level=info msg="received piece index 91"
time="2021-11-23T16:43:01+01:00" level=debug msg="requesting piece 92, start 0, size 262144"
time="2021-11-23T16:43:01+01:00" level=info msg="received piece index 92"
time="2021-11-23T16:43:01+01:00" level=debug msg="requesting piece 93, start 0, size 262144"
time="2021-11-23T16:43:01+01:00" level=info msg="received piece index 93"
time="2021-11-23T16:43:01+01:00" level=debug msg="requesting piece 94, start 0, size 262144"
time="2021-11-23T16:43:02+01:00" level=info msg="received piece index 94"
time="2021-11-23T16:43:02+01:00" level=debug msg="requesting piece 95, start 0, size 262144"
time="2021-11-23T16:43:02+01:00" level=info msg="received piece index 95"
time="2021-11-23T16:43:02+01:00" level=debug msg="requesting piece 96, start 0, size 262144"
time="2021-11-23T16:43:02+01:00" level=info msg="received piece index 96"
time="2021-11-23T16:43:02+01:00" level=debug msg="requesting piece 97, start 0, size 262144"
time="2021-11-23T16:43:02+01:00" level=info msg="received piece index 97"
time="2021-11-23T16:43:02+01:00" level=debug msg="requesting piece 98, start 0, size 262144"
time="2021-11-23T16:43:03+01:00" level=info msg="received piece index 98"
time="2021-11-23T16:43:03+01:00" level=debug msg="requesting piece 99, start 0, size 262144"
time="2021-11-23T16:43:03+01:00" level=info msg="received piece index 99"
time="2021-11-23T16:43:03+01:00" level=debug msg="requesting piece 100, start 0, size 262144"
time="2021-11-23T16:43:03+01:00" level=info msg="received piece index 100"
time="2021-11-23T16:43:03+01:00" level=debug msg="requesting piece 101, start 0, size 262144"
time="2021-11-23T16:43:03+01:00" level=info msg="received piece index 101"
time="2021-11-23T16:43:03+01:00" level=debug msg="requesting piece 102, start 0, size 262144"
time="2021-11-23T16:43:03+01:00" level=info msg="received piece index 102"
time="2021-11-23T16:43:03+01:00" level=debug msg="requesting piece 103, start 0, size 262144"
time="2021-11-23T16:43:04+01:00" level=info msg="received piece index 103"
time="2021-11-23T16:43:04+01:00" level=debug msg="requesting piece 104, start 0, size 262144"
time="2021-11-23T16:43:04+01:00" level=info msg="received piece index 104"
time="2021-11-23T16:43:04+01:00" level=debug msg="requesting piece 105, start 0, size 262144"
time="2021-11-23T16:43:04+01:00" level=info msg="received piece index 105"
time="2021-11-23T16:43:04+01:00" level=debug msg="requesting piece 106, start 0, size 262144"
time="2021-11-23T16:43:04+01:00" level=info msg="received piece index 106"
time="2021-11-23T16:43:04+01:00" level=debug msg="requesting piece 107, start 0, size 262144"
time="2021-11-23T16:43:05+01:00" level=info msg="received piece index 107"
time="2021-11-23T16:43:05+01:00" level=debug msg="requesting piece 108, start 0, size 262144"
time="2021-11-23T16:43:05+01:00" level=info msg="received piece index 108"
time="2021-11-23T16:43:05+01:00" level=debug msg="requesting piece 109, start 0, size 262144"
time="2021-11-23T16:43:05+01:00" level=info msg="received piece index 109"
time="2021-11-23T16:43:05+01:00" level=debug msg="requesting piece 110, start 0, size 262144"
time="2021-11-23T16:43:05+01:00" level=info msg="received piece index 110"
time="2021-11-23T16:43:05+01:00" level=debug msg="requesting piece 111, start 0, size 262144"
time="2021-11-23T16:43:06+01:00" level=info msg="received piece index 111"
time="2021-11-23T16:43:06+01:00" level=debug msg="requesting piece 112, start 0, size 262144"
time="2021-11-23T16:43:06+01:00" level=info msg="received piece index 112"
time="2021-11-23T16:43:06+01:00" level=debug msg="requesting piece 113, start 0, size 262144"
time="2021-11-23T16:43:06+01:00" level=info msg="received piece index 113"
time="2021-11-23T16:43:06+01:00" level=debug msg="requesting piece 114, start 0, size 262144"
time="2021-11-23T16:43:06+01:00" level=info msg="received piece index 114"
time="2021-11-23T16:43:06+01:00" level=debug msg="requesting piece 115, start 0, size 262144"
time="2021-11-23T16:43:06+01:00" level=info msg="received piece index 115"
time="2021-11-23T16:43:06+01:00" level=debug msg="requesting piece 116, start 0, size 262144"
time="2021-11-23T16:43:07+01:00" level=info msg="received piece index 116"
time="2021-11-23T16:43:07+01:00" level=debug msg="requesting piece 117, start 0, size 262144"
time="2021-11-23T16:43:07+01:00" level=info msg="received piece index 117"
time="2021-11-23T16:43:07+01:00" level=debug msg="requesting piece 118, start 0, size 262144"
time="2021-11-23T16:43:07+01:00" level=info msg="received piece index 118"
time="2021-11-23T16:43:07+01:00" level=debug msg="requesting piece 119, start 0, size 262144"
time="2021-11-23T16:43:07+01:00" level=info msg="received piece index 119"
time="2021-11-23T16:43:07+01:00" level=debug msg="requesting piece 120, start 0, size 262144"
time="2021-11-23T16:43:08+01:00" level=info msg="received piece index 120"
time="2021-11-23T16:43:08+01:00" level=debug msg="requesting piece 121, start 0, size 262144"
time="2021-11-23T16:43:08+01:00" level=info msg="received piece index 121"
time="2021-11-23T16:43:08+01:00" level=debug msg="requesting piece 122, start 0, size 262144"
time="2021-11-23T16:43:08+01:00" level=info msg="received piece index 122"
time="2021-11-23T16:43:08+01:00" level=debug msg="requesting piece 123, start 0, size 262144"
time="2021-11-23T16:43:08+01:00" level=info msg="received piece index 123"
time="2021-11-23T16:43:08+01:00" level=debug msg="requesting piece 124, start 0, size 262144"
time="2021-11-23T16:43:09+01:00" level=info msg="received piece index 124"
time="2021-11-23T16:43:09+01:00" level=debug msg="requesting piece 125, start 0, size 262144"
time="2021-11-23T16:43:09+01:00" level=info msg="received piece index 125"
time="2021-11-23T16:43:09+01:00" level=debug msg="requesting piece 126, start 0, size 262144"
time="2021-11-23T16:43:09+01:00" level=info msg="received piece index 126"
time="2021-11-23T16:43:09+01:00" level=debug msg="requesting piece 127, start 0, size 262144"
time="2021-11-23T16:43:09+01:00" level=info msg="received piece index 127"
time="2021-11-23T16:43:09+01:00" level=debug msg="requesting piece 128, start 0, size 262144"
time="2021-11-23T16:43:10+01:00" level=info msg="received piece index 128"
time="2021-11-23T16:43:10+01:00" level=debug msg="requesting piece 129, start 0, size 262144"
time="2021-11-23T16:43:10+01:00" level=info msg="received piece index 129"
time="2021-11-23T16:43:10+01:00" level=debug msg="requesting piece 130, start 0, size 262144"
time="2021-11-23T16:43:10+01:00" level=info msg="received piece index 130"
time="2021-11-23T16:43:10+01:00" level=debug msg="requesting piece 131, start 0, size 262144"
time="2021-11-23T16:43:10+01:00" level=info msg="received piece index 131"
time="2021-11-23T16:43:10+01:00" level=debug msg="requesting piece 132, start 0, size 262144"
time="2021-11-23T16:43:10+01:00" level=info msg="received piece index 132"
time="2021-11-23T16:43:10+01:00" level=debug msg="requesting piece 133, start 0, size 262144"
time="2021-11-23T16:43:11+01:00" level=info msg="received piece index 133"
time="2021-11-23T16:43:11+01:00" level=debug msg="requesting piece 134, start 0, size 262144"
time="2021-11-23T16:43:11+01:00" level=info msg="received piece index 134"
time="2021-11-23T16:43:11+01:00" level=debug msg="requesting piece 135, start 0, size 262144"
time="2021-11-23T16:43:11+01:00" level=info msg="received piece index 135"
time="2021-11-23T16:43:11+01:00" level=debug msg="requesting piece 136, start 0, size 262144"
time="2021-11-23T16:43:11+01:00" level=info msg="received piece index 136"
time="2021-11-23T16:43:11+01:00" level=debug msg="requesting piece 137, start 0, size 262144"
time="2021-11-23T16:43:12+01:00" level=info msg="received piece index 137"
time="2021-11-23T16:43:12+01:00" level=debug msg="requesting piece 138, start 0, size 262144"
time="2021-11-23T16:43:12+01:00" level=info msg="received piece index 138"
time="2021-11-23T16:43:12+01:00" level=debug msg="requesting piece 139, start 0, size 262144"
time="2021-11-23T16:43:12+01:00" level=info msg="received piece index 139"
time="2021-11-23T16:43:12+01:00" level=debug msg="requesting piece 140, start 0, size 262144"
time="2021-11-23T16:43:12+01:00" level=info msg="received piece index 140"
time="2021-11-23T16:43:12+01:00" level=debug msg="requesting piece 141, start 0, size 262144"
time="2021-11-23T16:43:13+01:00" level=info msg="received piece index 141"
time="2021-11-23T16:43:13+01:00" level=debug msg="requesting piece 142, start 0, size 262144"
time="2021-11-23T16:43:13+01:00" level=info msg="received piece index 142"
time="2021-11-23T16:43:13+01:00" level=debug msg="requesting piece 143, start 0, size 262144"
time="2021-11-23T16:43:13+01:00" level=info msg="received piece index 143"
time="2021-11-23T16:43:13+01:00" level=debug msg="requesting piece 144, start 0, size 262144"
time="2021-11-23T16:43:13+01:00" level=info msg="received piece index 144"
time="2021-11-23T16:43:13+01:00" level=debug msg="requesting piece 145, start 0, size 262144"
time="2021-11-23T16:43:13+01:00" level=info msg="received piece index 145"
time="2021-11-23T16:43:13+01:00" level=debug msg="requesting piece 146, start 0, size 262144"
time="2021-11-23T16:43:14+01:00" level=info msg="received piece index 146"
time="2021-11-23T16:43:14+01:00" level=debug msg="requesting piece 147, start 0, size 262144"
time="2021-11-23T16:43:14+01:00" level=info msg="received piece index 147"
time="2021-11-23T16:43:14+01:00" level=debug msg="requesting piece 148, start 0, size 262144"
time="2021-11-23T16:43:14+01:00" level=info msg="received piece index 148"
time="2021-11-23T16:43:14+01:00" level=debug msg="requesting piece 149, start 0, size 262144"
time="2021-11-23T16:43:14+01:00" level=info msg="received piece index 149"
time="2021-11-23T16:43:14+01:00" level=debug msg="requesting piece 150, start 0, size 262144"
time="2021-11-23T16:43:15+01:00" level=info msg="received piece index 150"
time="2021-11-23T16:43:15+01:00" level=debug msg="requesting piece 151, start 0, size 262144"
time="2021-11-23T16:43:15+01:00" level=info msg="received piece index 151"
time="2021-11-23T16:43:15+01:00" level=debug msg="requesting piece 152, start 0, size 262144"
time="2021-11-23T16:43:15+01:00" level=info msg="received piece index 152"
time="2021-11-23T16:43:15+01:00" level=debug msg="requesting piece 153, start 0, size 262144"
time="2021-11-23T16:43:15+01:00" level=info msg="received piece index 153"
time="2021-11-23T16:43:15+01:00" level=debug msg="requesting piece 154, start 0, size 262144"
time="2021-11-23T16:43:16+01:00" level=info msg="received piece index 154"
time="2021-11-23T16:43:16+01:00" level=debug msg="requesting piece 155, start 0, size 262144"
time="2021-11-23T16:43:16+01:00" level=info msg="received piece index 155"
time="2021-11-23T16:43:16+01:00" level=debug msg="requesting piece 156, start 0, size 262144"
time="2021-11-23T16:43:16+01:00" level=info msg="received piece index 156"
time="2021-11-23T16:43:16+01:00" level=debug msg="requesting piece 157, start 0, size 262144"
time="2021-11-23T16:43:16+01:00" level=info msg="received piece index 157"
time="2021-11-23T16:43:16+01:00" level=debug msg="requesting piece 158, start 0, size 262144"
time="2021-11-23T16:43:16+01:00" level=info msg="received piece index 158"
time="2021-11-23T16:43:16+01:00" level=debug msg="requesting piece 159, start 0, size 262144"
time="2021-11-23T16:43:17+01:00" level=info msg="received piece index 159"
time="2021-11-23T16:43:17+01:00" level=debug msg="requesting piece 160, start 0, size 262144"
time="2021-11-23T16:43:17+01:00" level=info msg="received piece index 160"
time="2021-11-23T16:43:17+01:00" level=debug msg="requesting piece 161, start 0, size 262144"
time="2021-11-23T16:43:17+01:00" level=info msg="received piece index 161"
time="2021-11-23T16:43:17+01:00" level=debug msg="requesting piece 162, start 0, size 262144"
time="2021-11-23T16:43:17+01:00" level=info msg="received piece index 162"
time="2021-11-23T16:43:17+01:00" level=debug msg="requesting piece 163, start 0, size 262144"
time="2021-11-23T16:43:18+01:00" level=info msg="received piece index 163"
time="2021-11-23T16:43:18+01:00" level=debug msg="requesting piece 164, start 0, size 262144"
time="2021-11-23T16:43:18+01:00" level=info msg="received piece index 164"
time="2021-11-23T16:43:18+01:00" level=debug msg="requesting piece 165, start 0, size 262144"
time="2021-11-23T16:43:18+01:00" level=info msg="received piece index 165"
time="2021-11-23T16:43:18+01:00" level=debug msg="requesting piece 166, start 0, size 262144"
time="2021-11-23T16:43:18+01:00" level=info msg="received piece index 166"
time="2021-11-23T16:43:18+01:00" level=debug msg="requesting piece 167, start 0, size 262144"
time="2021-11-23T16:43:19+01:00" level=info msg="received piece index 167"
time="2021-11-23T16:43:19+01:00" level=debug msg="requesting piece 168, start 0, size 262144"
time="2021-11-23T16:43:19+01:00" level=info msg="received piece index 168"
time="2021-11-23T16:43:19+01:00" level=debug msg="requesting piece 169, start 0, size 262144"
time="2021-11-23T16:43:19+01:00" level=info msg="received piece index 169"
time="2021-11-23T16:43:19+01:00" level=debug msg="requesting piece 170, start 0, size 262144"
time="2021-11-23T16:43:19+01:00" level=info msg="received piece index 170"
time="2021-11-23T16:43:19+01:00" level=debug msg="requesting piece 171, start 0, size 262144"
time="2021-11-23T16:43:20+01:00" level=info msg="received piece index 171"
time="2021-11-23T16:43:20+01:00" level=debug msg="requesting piece 172, start 0, size 262144"
time="2021-11-23T16:43:20+01:00" level=info msg="received piece index 172"
time="2021-11-23T16:43:20+01:00" level=debug msg="requesting piece 173, start 0, size 262144"
time="2021-11-23T16:43:20+01:00" level=info msg="received piece index 173"
time="2021-11-23T16:43:20+01:00" level=debug msg="requesting piece 174, start 0, size 262144"
time="2021-11-23T16:43:20+01:00" level=info msg="received piece index 174"
time="2021-11-23T16:43:20+01:00" level=debug msg="requesting piece 175, start 0, size 262144"
time="2021-11-23T16:43:20+01:00" level=info msg="received piece index 175"
time="2021-11-23T16:43:20+01:00" level=debug msg="requesting piece 176, start 0, size 262144"
time="2021-11-23T16:43:21+01:00" level=info msg="received piece index 176"
time="2021-11-23T16:43:21+01:00" level=debug msg="requesting piece 177, start 0, size 262144"
time="2021-11-23T16:43:21+01:00" level=info msg="received piece index 177"
time="2021-11-23T16:43:21+01:00" level=debug msg="requesting piece 178, start 0, size 262144"
time="2021-11-23T16:43:21+01:00" level=info msg="received piece index 178"
time="2021-11-23T16:43:21+01:00" level=debug msg="requesting piece 179, start 0, size 262144"
time="2021-11-23T16:43:21+01:00" level=info msg="received piece index 179"
time="2021-11-23T16:43:21+01:00" level=debug msg="requesting piece 180, start 0, size 262144"
time="2021-11-23T16:43:22+01:00" level=info msg="received piece index 180"
time="2021-11-23T16:43:22+01:00" level=debug msg="requesting piece 181, start 0, size 262144"
time="2021-11-23T16:43:22+01:00" level=info msg="received piece index 181"
time="2021-11-23T16:43:22+01:00" level=debug msg="requesting piece 182, start 0, size 262144"
time="2021-11-23T16:43:22+01:00" level=info msg="received piece index 182"
time="2021-11-23T16:43:22+01:00" level=debug msg="requesting piece 183, start 0, size 262144"
time="2021-11-23T16:43:22+01:00" level=info msg="received piece index 183"
time="2021-11-23T16:43:22+01:00" level=debug msg="requesting piece 184, start 0, size 262144"
time="2021-11-23T16:43:23+01:00" level=info msg="received piece index 184"
time="2021-11-23T16:43:23+01:00" level=debug msg="requesting piece 185, start 0, size 262144"
time="2021-11-23T16:43:23+01:00" level=info msg="received piece index 185"
time="2021-11-23T16:43:23+01:00" level=debug msg="requesting piece 186, start 0, size 262144"
time="2021-11-23T16:43:23+01:00" level=info msg="received piece index 186"
time="2021-11-23T16:43:23+01:00" level=debug msg="requesting piece 187, start 0, size 262144"
time="2021-11-23T16:43:23+01:00" level=info msg="received piece index 187"
time="2021-11-23T16:43:23+01:00" level=debug msg="requesting piece 188, start 0, size 262144"
time="2021-11-23T16:43:23+01:00" level=info msg="received piece index 188"
time="2021-11-23T16:43:23+01:00" level=debug msg="requesting piece 189, start 0, size 262144"
time="2021-11-23T16:43:24+01:00" level=info msg="received piece index 189"
time="2021-11-23T16:43:24+01:00" level=debug msg="requesting piece 190, start 0, size 262144"
time="2021-11-23T16:43:24+01:00" level=info msg="received piece index 190"
time="2021-11-23T16:43:24+01:00" level=debug msg="requesting piece 191, start 0, size 262144"
time="2021-11-23T16:43:24+01:00" level=info msg="received piece index 191"
time="2021-11-23T16:43:24+01:00" level=debug msg="requesting piece 192, start 0, size 262144"
time="2021-11-23T16:43:24+01:00" level=info msg="received piece index 192"
time="2021-11-23T16:43:24+01:00" level=debug msg="requesting piece 193, start 0, size 262144"
time="2021-11-23T16:43:25+01:00" level=info msg="received piece index 193"
time="2021-11-23T16:43:25+01:00" level=debug msg="requesting piece 194, start 0, size 262144"
time="2021-11-23T16:43:25+01:00" level=info msg="received piece index 194"
time="2021-11-23T16:43:25+01:00" level=debug msg="requesting piece 195, start 0, size 262144"
time="2021-11-23T16:43:25+01:00" level=info msg="received piece index 195"
time="2021-11-23T16:43:25+01:00" level=debug msg="requesting piece 196, start 0, size 262144"
time="2021-11-23T16:43:25+01:00" level=info msg="received piece index 196"
time="2021-11-23T16:43:25+01:00" level=debug msg="requesting piece 197, start 0, size 262144"
time="2021-11-23T16:43:26+01:00" level=info msg="received piece index 197"
time="2021-11-23T16:43:26+01:00" level=debug msg="requesting piece 198, start 0, size 262144"
time="2021-11-23T16:43:26+01:00" level=info msg="received piece index 198"
time="2021-11-23T16:43:26+01:00" level=debug msg="requesting piece 199, start 0, size 262144"
time="2021-11-23T16:43:26+01:00" level=info msg="received piece index 199"
time="2021-11-23T16:43:26+01:00" level=debug msg="requesting piece 200, start 0, size 262144"
time="2021-11-23T16:43:26+01:00" level=info msg="received piece index 200"
time="2021-11-23T16:43:26+01:00" level=debug msg="requesting piece 201, start 0, size 262144"
time="2021-11-23T16:43:26+01:00" level=info msg="received piece index 201"
time="2021-11-23T16:43:26+01:00" level=debug msg="requesting piece 202, start 0, size 262144"
time="2021-11-23T16:43:27+01:00" level=info msg="received piece index 202"
time="2021-11-23T16:43:27+01:00" level=debug msg="requesting piece 203, start 0, size 262144"
time="2021-11-23T16:43:27+01:00" level=info msg="received piece index 203"
time="2021-11-23T16:43:27+01:00" level=debug msg="requesting piece 204, start 0, size 262144"
time="2021-11-23T16:43:27+01:00" level=info msg="received piece index 204"
time="2021-11-23T16:43:27+01:00" level=debug msg="requesting piece 205, start 0, size 262144"
time="2021-11-23T16:43:27+01:00" level=info msg="received piece index 205"
time="2021-11-23T16:43:27+01:00" level=debug msg="requesting piece 206, start 0, size 262144"
time="2021-11-23T16:43:28+01:00" level=info msg="received piece index 206"
time="2021-11-23T16:43:28+01:00" level=debug msg="requesting piece 207, start 0, size 262144"
time="2021-11-23T16:43:28+01:00" level=info msg="received piece index 207"
time="2021-11-23T16:43:28+01:00" level=debug msg="requesting piece 208, start 0, size 262144"
time="2021-11-23T16:43:28+01:00" level=info msg="received piece index 208"
time="2021-11-23T16:43:28+01:00" level=debug msg="requesting piece 209, start 0, size 262144"
time="2021-11-23T16:43:28+01:00" level=info msg="received piece index 209"
time="2021-11-23T16:43:28+01:00" level=debug msg="requesting piece 210, start 0, size 262144"
time="2021-11-23T16:43:29+01:00" level=info msg="received piece index 210"
time="2021-11-23T16:43:29+01:00" level=debug msg="requesting piece 211, start 0, size 262144"
time="2021-11-23T16:43:29+01:00" level=info msg="received piece index 211"
time="2021-11-23T16:43:29+01:00" level=debug msg="requesting piece 212, start 0, size 262144"
time="2021-11-23T16:43:29+01:00" level=info msg="received piece index 212"
time="2021-11-23T16:43:29+01:00" level=debug msg="requesting piece 213, start 0, size 262144"
time="2021-11-23T16:43:29+01:00" level=info msg="received piece index 213"
time="2021-11-23T16:43:29+01:00" level=debug msg="requesting piece 214, start 0, size 262144"
time="2021-11-23T16:43:30+01:00" level=info msg="received piece index 214"
time="2021-11-23T16:43:30+01:00" level=debug msg="requesting piece 215, start 0, size 262144"
time="2021-11-23T16:43:30+01:00" level=info msg="received piece index 215"
time="2021-11-23T16:43:30+01:00" level=debug msg="requesting piece 216, start 0, size 262144"
time="2021-11-23T16:43:30+01:00" level=info msg="received piece index 216"
time="2021-11-23T16:43:30+01:00" level=debug msg="requesting piece 217, start 0, size 262144"
time="2021-11-23T16:43:30+01:00" level=info msg="received piece index 217"
time="2021-11-23T16:43:30+01:00" level=debug msg="requesting piece 218, start 0, size 262144"
time="2021-11-23T16:43:30+01:00" level=info msg="received piece index 218"
time="2021-11-23T16:43:30+01:00" level=debug msg="requesting piece 219, start 0, size 262144"
time="2021-11-23T16:43:31+01:00" level=info msg="received piece index 219"
time="2021-11-23T16:43:31+01:00" level=debug msg="requesting piece 220, start 0, size 262144"
time="2021-11-23T16:43:31+01:00" level=info msg="received piece index 220"
time="2021-11-23T16:43:31+01:00" level=debug msg="requesting piece 221, start 0, size 262144"
time="2021-11-23T16:43:31+01:00" level=info msg="received piece index 221"
time="2021-11-23T16:43:31+01:00" level=debug msg="requesting piece 222, start 0, size 262144"
time="2021-11-23T16:43:31+01:00" level=info msg="received piece index 222"
time="2021-11-23T16:43:31+01:00" level=debug msg="requesting piece 223, start 0, size 262144"
time="2021-11-23T16:43:32+01:00" level=info msg="received piece index 223"
time="2021-11-23T16:43:32+01:00" level=debug msg="requesting piece 224, start 0, size 262144"
time="2021-11-23T16:43:32+01:00" level=info msg="received piece index 224"
time="2021-11-23T16:43:32+01:00" level=debug msg="requesting piece 225, start 0, size 262144"
time="2021-11-23T16:43:32+01:00" level=info msg="received piece index 225"
time="2021-11-23T16:43:32+01:00" level=debug msg="requesting piece 226, start 0, size 262144"
time="2021-11-23T16:43:32+01:00" level=info msg="received piece index 226"
time="2021-11-23T16:43:32+01:00" level=debug msg="requesting piece 227, start 0, size 262144"
time="2021-11-23T16:43:33+01:00" level=info msg="received piece index 227"
time="2021-11-23T16:43:33+01:00" level=debug msg="requesting piece 228, start 0, size 262144"
time="2021-11-23T16:43:33+01:00" level=info msg="received piece index 228"
time="2021-11-23T16:43:33+01:00" level=debug msg="requesting piece 229, start 0, size 262144"
time="2021-11-23T16:43:33+01:00" level=info msg="received piece index 229"
time="2021-11-23T16:43:33+01:00" level=debug msg="requesting piece 230, start 0, size 262144"
time="2021-11-23T16:43:33+01:00" level=info msg="received piece index 230"
time="2021-11-23T16:43:33+01:00" level=debug msg="requesting piece 231, start 0, size 262144"
time="2021-11-23T16:43:33+01:00" level=info msg="received piece index 231"
time="2021-11-23T16:43:33+01:00" level=debug msg="requesting piece 232, start 0, size 262144"
time="2021-11-23T16:43:34+01:00" level=info msg="received piece index 232"
time="2021-11-23T16:43:34+01:00" level=debug msg="requesting piece 233, start 0, size 262144"
time="2021-11-23T16:43:34+01:00" level=info msg="received piece index 233"
time="2021-11-23T16:43:34+01:00" level=debug msg="requesting piece 234, start 0, size 262144"
time="2021-11-23T16:43:34+01:00" level=info msg="received piece index 234"
time="2021-11-23T16:43:34+01:00" level=debug msg="requesting piece 235, start 0, size 262144"
time="2021-11-23T16:43:34+01:00" level=info msg="received piece index 235"
time="2021-11-23T16:43:34+01:00" level=debug msg="requesting piece 236, start 0, size 262144"
time="2021-11-23T16:43:35+01:00" level=info msg="received piece index 236"
time="2021-11-23T16:43:35+01:00" level=debug msg="requesting piece 237, start 0, size 262144"
time="2021-11-23T16:43:35+01:00" level=info msg="received piece index 237"
time="2021-11-23T16:43:35+01:00" level=debug msg="requesting piece 238, start 0, size 262144"
time="2021-11-23T16:43:35+01:00" level=info msg="received piece index 238"
time="2021-11-23T16:43:35+01:00" level=debug msg="requesting piece 239, start 0, size 262144"
time="2021-11-23T16:43:35+01:00" level=info msg="received piece index 239"
time="2021-11-23T16:43:35+01:00" level=debug msg="requesting piece 240, start 0, size 262144"
time="2021-11-23T16:43:36+01:00" level=info msg="received piece index 240"
time="2021-11-23T16:43:36+01:00" level=debug msg="requesting piece 241, start 0, size 262144"
time="2021-11-23T16:43:36+01:00" level=info msg="received piece index 241"
time="2021-11-23T16:43:36+01:00" level=debug msg="requesting piece 242, start 0, size 262144"
time="2021-11-23T16:43:36+01:00" level=info msg="received piece index 242"
time="2021-11-23T16:43:36+01:00" level=debug msg="requesting piece 243, start 0, size 262144"
time="2021-11-23T16:43:36+01:00" level=info msg="received piece index 243"
time="2021-11-23T16:43:36+01:00" level=debug msg="requesting piece 244, start 0, size 262144"
time="2021-11-23T16:43:37+01:00" level=info msg="received piece index 244"
time="2021-11-23T16:43:37+01:00" level=debug msg="requesting piece 245, start 0, size 262144"
time="2021-11-23T16:43:37+01:00" level=info msg="received piece index 245"
time="2021-11-23T16:43:37+01:00" level=debug msg="requesting piece 246, start 0, size 262144"
time="2021-11-23T16:43:37+01:00" level=info msg="received piece index 246"
time="2021-11-23T16:43:37+01:00" level=debug msg="requesting piece 247, start 0, size 262144"
time="2021-11-23T16:43:37+01:00" level=info msg="received piece index 247"
time="2021-11-23T16:43:37+01:00" level=debug msg="requesting piece 248, start 0, size 262144"
time="2021-11-23T16:43:37+01:00" level=info msg="received piece index 248"
time="2021-11-23T16:43:37+01:00" level=debug msg="requesting piece 249, start 0, size 262144"
time="2021-11-23T16:43:38+01:00" level=info msg="received piece index 249"
time="2021-11-23T16:43:38+01:00" level=debug msg="requesting piece 250, start 0, size 262144"
time="2021-11-23T16:43:38+01:00" level=info msg="received piece index 250"
time="2021-11-23T16:43:38+01:00" level=debug msg="requesting piece 251, start 0, size 262144"
time="2021-11-23T16:43:38+01:00" level=info msg="received piece index 251"
time="2021-11-23T16:43:38+01:00" level=debug msg="requesting piece 252, start 0, size 262144"
time="2021-11-23T16:43:38+01:00" level=info msg="received piece index 252"
time="2021-11-23T16:43:38+01:00" level=debug msg="requesting piece 253, start 0, size 262144"
time="2021-11-23T16:43:39+01:00" level=info msg="received piece index 253"
time="2021-11-23T16:43:39+01:00" level=debug msg="requesting piece 254, start 0, size 262144"
time="2021-11-23T16:43:39+01:00" level=info msg="received piece index 254"
time="2021-11-23T16:43:39+01:00" level=debug msg="requesting piece 255, start 0, size 262144"
time="2021-11-23T16:43:39+01:00" level=info msg="received piece index 255"
time="2021-11-23T16:43:39+01:00" level=debug msg="requesting piece 256, start 0, size 262144"
time="2021-11-23T16:43:39+01:00" level=info msg="received piece index 256"
time="2021-11-23T16:43:39+01:00" level=debug msg="requesting piece 257, start 0, size 262144"
time="2021-11-23T16:43:40+01:00" level=info msg="received piece index 257"
time="2021-11-23T16:43:40+01:00" level=debug msg="requesting piece 258, start 0, size 262144"
time="2021-11-23T16:43:40+01:00" level=info msg="received piece index 258"
time="2021-11-23T16:43:40+01:00" level=debug msg="requesting piece 259, start 0, size 262144"
time="2021-11-23T16:43:40+01:00" level=info msg="received piece index 259"
time="2021-11-23T16:43:40+01:00" level=debug msg="requesting piece 260, start 0, size 262144"
time="2021-11-23T16:43:40+01:00" level=info msg="received piece index 260"
time="2021-11-23T16:43:40+01:00" level=debug msg="requesting piece 261, start 0, size 262144"
time="2021-11-23T16:43:40+01:00" level=info msg="received piece index 261"
time="2021-11-23T16:43:40+01:00" level=debug msg="requesting piece 262, start 0, size 262144"
time="2021-11-23T16:43:41+01:00" level=info msg="received piece index 262"
time="2021-11-23T16:43:41+01:00" level=debug msg="requesting piece 263, start 0, size 262144"
time="2021-11-23T16:43:41+01:00" level=info msg="received piece index 263"
time="2021-11-23T16:43:41+01:00" level=debug msg="requesting piece 264, start 0, size 262144"
time="2021-11-23T16:43:41+01:00" level=info msg="received piece index 264"
time="2021-11-23T16:43:41+01:00" level=debug msg="requesting piece 265, start 0, size 262144"
time="2021-11-23T16:43:41+01:00" level=info msg="received piece index 265"
time="2021-11-23T16:43:41+01:00" level=debug msg="requesting piece 266, start 0, size 262144"
time="2021-11-23T16:43:42+01:00" level=info msg="received piece index 266"
time="2021-11-23T16:43:42+01:00" level=debug msg="requesting piece 267, start 0, size 262144"
time="2021-11-23T16:43:42+01:00" level=info msg="received piece index 267"
time="2021-11-23T16:43:42+01:00" level=debug msg="requesting piece 268, start 0, size 262144"
time="2021-11-23T16:43:42+01:00" level=info msg="received piece index 268"
time="2021-11-23T16:43:42+01:00" level=debug msg="requesting piece 269, start 0, size 262144"
time="2021-11-23T16:43:42+01:00" level=info msg="received piece index 269"
time="2021-11-23T16:43:42+01:00" level=debug msg="requesting piece 270, start 0, size 262144"
time="2021-11-23T16:43:43+01:00" level=info msg="received piece index 270"
time="2021-11-23T16:43:43+01:00" level=debug msg="requesting piece 271, start 0, size 262144"
time="2021-11-23T16:43:43+01:00" level=info msg="received piece index 271"
time="2021-11-23T16:43:43+01:00" level=debug msg="requesting piece 272, start 0, size 262144"
time="2021-11-23T16:43:43+01:00" level=info msg="received piece index 272"
time="2021-11-23T16:43:43+01:00" level=debug msg="requesting piece 273, start 0, size 262144"
time="2021-11-23T16:43:43+01:00" level=info msg="received piece index 273"
time="2021-11-23T16:43:43+01:00" level=debug msg="requesting piece 274, start 0, size 262144"
time="2021-11-23T16:43:43+01:00" level=info msg="received piece index 274"
time="2021-11-23T16:43:43+01:00" level=debug msg="requesting piece 275, start 0, size 262144"
time="2021-11-23T16:43:44+01:00" level=info msg="received piece index 275"
time="2021-11-23T16:43:44+01:00" level=debug msg="requesting piece 276, start 0, size 262144"
time="2021-11-23T16:43:44+01:00" level=info msg="received piece index 276"
time="2021-11-23T16:43:44+01:00" level=debug msg="requesting piece 277, start 0, size 262144"
time="2021-11-23T16:43:44+01:00" level=info msg="received piece index 277"
time="2021-11-23T16:43:44+01:00" level=debug msg="requesting piece 278, start 0, size 262144"
time="2021-11-23T16:43:44+01:00" level=info msg="received piece index 278"
time="2021-11-23T16:43:44+01:00" level=debug msg="requesting piece 279, start 0, size 262144"
time="2021-11-23T16:43:45+01:00" level=info msg="received piece index 279"
time="2021-11-23T16:43:45+01:00" level=debug msg="requesting piece 280, start 0, size 262144"
time="2021-11-23T16:43:45+01:00" level=info msg="received piece index 280"
time="2021-11-23T16:43:45+01:00" level=debug msg="requesting piece 281, start 0, size 262144"
time="2021-11-23T16:43:45+01:00" level=info msg="received piece index 281"
time="2021-11-23T16:43:45+01:00" level=debug msg="requesting piece 282, start 0, size 262144"
time="2021-11-23T16:43:45+01:00" level=info msg="received piece index 282"
time="2021-11-23T16:43:45+01:00" level=debug msg="requesting piece 283, start 0, size 262144"
time="2021-11-23T16:43:46+01:00" level=info msg="received piece index 283"
time="2021-11-23T16:43:46+01:00" level=debug msg="requesting piece 284, start 0, size 262144"
time="2021-11-23T16:43:46+01:00" level=info msg="received piece index 284"
time="2021-11-23T16:43:46+01:00" level=debug msg="requesting piece 285, start 0, size 262144"
time="2021-11-23T16:43:46+01:00" level=info msg="received piece index 285"
time="2021-11-23T16:43:46+01:00" level=debug msg="requesting piece 286, start 0, size 262144"
time="2021-11-23T16:43:46+01:00" level=info msg="received piece index 286"
time="2021-11-23T16:43:46+01:00" level=debug msg="requesting piece 287, start 0, size 262144"
time="2021-11-23T16:43:47+01:00" level=info msg="received piece index 287"
time="2021-11-23T16:43:47+01:00" level=debug msg="requesting piece 288, start 0, size 262144"
time="2021-11-23T16:43:47+01:00" level=info msg="received piece index 288"
time="2021-11-23T16:43:47+01:00" level=debug msg="requesting piece 289, start 0, size 262144"
time="2021-11-23T16:43:47+01:00" level=info msg="received piece index 289"
time="2021-11-23T16:43:47+01:00" level=debug msg="requesting piece 290, start 0, size 262144"
time="2021-11-23T16:43:47+01:00" level=info msg="received piece index 290"
time="2021-11-23T16:43:47+01:00" level=debug msg="requesting piece 291, start 0, size 262144"
time="2021-11-23T16:43:47+01:00" level=info msg="received piece index 291"
time="2021-11-23T16:43:47+01:00" level=debug msg="requesting piece 292, start 0, size 262144"
time="2021-11-23T16:43:48+01:00" level=info msg="received piece index 292"
time="2021-11-23T16:43:48+01:00" level=debug msg="requesting piece 293, start 0, size 262144"
time="2021-11-23T16:43:48+01:00" level=info msg="received piece index 293"
time="2021-11-23T16:43:48+01:00" level=debug msg="requesting piece 294, start 0, size 262144"
time="2021-11-23T16:43:48+01:00" level=info msg="received piece index 294"
time="2021-11-23T16:43:48+01:00" level=debug msg="requesting piece 295, start 0, size 262144"
time="2021-11-23T16:43:48+01:00" level=info msg="received piece index 295"
time="2021-11-23T16:43:48+01:00" level=debug msg="requesting piece 296, start 0, size 262144"
time="2021-11-23T16:43:49+01:00" level=info msg="received piece index 296"
time="2021-11-23T16:43:49+01:00" level=debug msg="requesting piece 297, start 0, size 262144"
time="2021-11-23T16:43:49+01:00" level=info msg="received piece index 297"
time="2021-11-23T16:43:49+01:00" level=debug msg="requesting piece 298, start 0, size 262144"
time="2021-11-23T16:43:49+01:00" level=info msg="received piece index 298"
time="2021-11-23T16:43:49+01:00" level=debug msg="requesting piece 299, start 0, size 262144"
time="2021-11-23T16:43:49+01:00" level=info msg="received piece index 299"
time="2021-11-23T16:43:49+01:00" level=debug msg="requesting piece 300, start 0, size 262144"
time="2021-11-23T16:43:50+01:00" level=info msg="received piece index 300"
time="2021-11-23T16:43:50+01:00" level=debug msg="requesting piece 301, start 0, size 262144"
time="2021-11-23T16:43:50+01:00" level=info msg="received piece index 301"
time="2021-11-23T16:43:50+01:00" level=debug msg="requesting piece 302, start 0, size 262144"
time="2021-11-23T16:43:50+01:00" level=info msg="received piece index 302"
time="2021-11-23T16:43:50+01:00" level=debug msg="requesting piece 303, start 0, size 262144"
time="2021-11-23T16:43:50+01:00" level=info msg="received piece index 303"
time="2021-11-23T16:43:50+01:00" level=debug msg="requesting piece 304, start 0, size 262144"
time="2021-11-23T16:43:50+01:00" level=info msg="received piece index 304"
time="2021-11-23T16:43:50+01:00" level=debug msg="requesting piece 305, start 0, size 262144"
time="2021-11-23T16:43:51+01:00" level=info msg="received piece index 305"
time="2021-11-23T16:43:51+01:00" level=debug msg="requesting piece 306, start 0, size 262144"
time="2021-11-23T16:43:51+01:00" level=info msg="received piece index 306"
time="2021-11-23T16:43:51+01:00" level=debug msg="requesting piece 307, start 0, size 262144"
time="2021-11-23T16:43:51+01:00" level=info msg="received piece index 307"
time="2021-11-23T16:43:51+01:00" level=debug msg="requesting piece 308, start 0, size 262144"
time="2021-11-23T16:43:51+01:00" level=info msg="received piece index 308"
time="2021-11-23T16:43:51+01:00" level=debug msg="requesting piece 309, start 0, size 262144"
time="2021-11-23T16:43:52+01:00" level=info msg="received piece index 309"
time="2021-11-23T16:43:52+01:00" level=debug msg="requesting piece 310, start 0, size 262144"
time="2021-11-23T16:43:52+01:00" level=info msg="received piece index 310"
time="2021-11-23T16:43:52+01:00" level=debug msg="requesting piece 311, start 0, size 262144"
time="2021-11-23T16:43:52+01:00" level=info msg="received piece index 311"
time="2021-11-23T16:43:52+01:00" level=debug msg="requesting piece 312, start 0, size 262144"
time="2021-11-23T16:43:52+01:00" level=info msg="received piece index 312"
time="2021-11-23T16:43:52+01:00" level=debug msg="requesting piece 313, start 0, size 262144"
time="2021-11-23T16:43:53+01:00" level=info msg="received piece index 313"
time="2021-11-23T16:43:53+01:00" level=debug msg="requesting piece 314, start 0, size 262144"
time="2021-11-23T16:43:53+01:00" level=info msg="received piece index 314"
time="2021-11-23T16:43:53+01:00" level=debug msg="requesting piece 315, start 0, size 262144"
time="2021-11-23T16:43:53+01:00" level=info msg="received piece index 315"
time="2021-11-23T16:43:53+01:00" level=debug msg="requesting piece 316, start 0, size 262144"
time="2021-11-23T16:43:53+01:00" level=info msg="received piece index 316"
time="2021-11-23T16:43:53+01:00" level=debug msg="requesting piece 317, start 0, size 262144"
time="2021-11-23T16:43:53+01:00" level=info msg="received piece index 317"
time="2021-11-23T16:43:53+01:00" level=debug msg="requesting piece 318, start 0, size 262144"
time="2021-11-23T16:43:54+01:00" level=info msg="received piece index 318"
time="2021-11-23T16:43:54+01:00" level=debug msg="requesting piece 319, start 0, size 262144"
time="2021-11-23T16:43:54+01:00" level=info msg="received piece index 319"
time="2021-11-23T16:43:54+01:00" level=debug msg="requesting piece 320, start 0, size 262144"
time="2021-11-23T16:43:54+01:00" level=info msg="received piece index 320"
time="2021-11-23T16:43:54+01:00" level=debug msg="requesting piece 321, start 0, size 262144"
time="2021-11-23T16:43:54+01:00" level=info msg="received piece index 321"
time="2021-11-23T16:43:54+01:00" level=debug msg="requesting piece 322, start 0, size 262144"
time="2021-11-23T16:43:55+01:00" level=info msg="received piece index 322"
time="2021-11-23T16:43:55+01:00" level=debug msg="requesting piece 323, start 0, size 262144"
time="2021-11-23T16:43:55+01:00" level=info msg="received piece index 323"
time="2021-11-23T16:43:55+01:00" level=debug msg="requesting piece 324, start 0, size 262144"
time="2021-11-23T16:43:55+01:00" level=info msg="received piece index 324"
time="2021-11-23T16:43:55+01:00" level=debug msg="requesting piece 325, start 0, size 262144"
time="2021-11-23T16:43:55+01:00" level=info msg="received piece index 325"
time="2021-11-23T16:43:55+01:00" level=debug msg="requesting piece 326, start 0, size 262144"
time="2021-11-23T16:43:56+01:00" level=info msg="received piece index 326"
time="2021-11-23T16:43:56+01:00" level=debug msg="requesting piece 327, start 0, size 262144"
time="2021-11-23T16:43:56+01:00" level=info msg="received piece index 327"
time="2021-11-23T16:43:56+01:00" level=debug msg="requesting piece 328, start 0, size 262144"
time="2021-11-23T16:43:56+01:00" level=info msg="received piece index 328"
time="2021-11-23T16:43:56+01:00" level=debug msg="requesting piece 329, start 0, size 262144"
time="2021-11-23T16:43:56+01:00" level=info msg="received piece index 329"
time="2021-11-23T16:43:56+01:00" level=debug msg="requesting piece 330, start 0, size 262144"
time="2021-11-23T16:43:57+01:00" level=info msg="received piece index 330"
time="2021-11-23T16:43:57+01:00" level=debug msg="requesting piece 331, start 0, size 262144"
time="2021-11-23T16:43:57+01:00" level=info msg="received piece index 331"
time="2021-11-23T16:43:57+01:00" level=debug msg="requesting piece 332, start 0, size 262144"
time="2021-11-23T16:43:57+01:00" level=info msg="received piece index 332"
time="2021-11-23T16:43:57+01:00" level=debug msg="requesting piece 333, start 0, size 262144"
time="2021-11-23T16:43:57+01:00" level=info msg="received piece index 333"
time="2021-11-23T16:43:57+01:00" level=debug msg="requesting piece 334, start 0, size 262144"
time="2021-11-23T16:43:57+01:00" level=info msg="received piece index 334"
time="2021-11-23T16:43:57+01:00" level=debug msg="requesting piece 335, start 0, size 262144"
time="2021-11-23T16:43:58+01:00" level=info msg="received piece index 335"
time="2021-11-23T16:43:58+01:00" level=debug msg="requesting piece 336, start 0, size 262144"
time="2021-11-23T16:43:58+01:00" level=info msg="received piece index 336"
time="2021-11-23T16:43:58+01:00" level=debug msg="requesting piece 337, start 0, size 262144"
time="2021-11-23T16:43:58+01:00" level=info msg="received piece index 337"
time="2021-11-23T16:43:58+01:00" level=debug msg="requesting piece 338, start 0, size 262144"
time="2021-11-23T16:43:58+01:00" level=info msg="received piece index 338"
time="2021-11-23T16:43:58+01:00" level=debug msg="requesting piece 339, start 0, size 262144"
time="2021-11-23T16:43:59+01:00" level=info msg="received piece index 339"
time="2021-11-23T16:43:59+01:00" level=debug msg="requesting piece 340, start 0, size 262144"
time="2021-11-23T16:43:59+01:00" level=info msg="received piece index 340"
time="2021-11-23T16:43:59+01:00" level=debug msg="requesting piece 341, start 0, size 262144"
time="2021-11-23T16:43:59+01:00" level=info msg="received piece index 341"
time="2021-11-23T16:43:59+01:00" level=debug msg="requesting piece 342, start 0, size 262144"
time="2021-11-23T16:43:59+01:00" level=info msg="received piece index 342"
time="2021-11-23T16:43:59+01:00" level=debug msg="requesting piece 343, start 0, size 262144"
time="2021-11-23T16:44:00+01:00" level=info msg="received piece index 343"
time="2021-11-23T16:44:00+01:00" level=debug msg="requesting piece 344, start 0, size 262144"
time="2021-11-23T16:44:00+01:00" level=info msg="received piece index 344"
time="2021-11-23T16:44:00+01:00" level=debug msg="requesting piece 345, start 0, size 262144"
time="2021-11-23T16:44:00+01:00" level=info msg="received piece index 345"
time="2021-11-23T16:44:00+01:00" level=debug msg="requesting piece 346, start 0, size 262144"
time="2021-11-23T16:44:00+01:00" level=info msg="received piece index 346"
time="2021-11-23T16:44:00+01:00" level=debug msg="requesting piece 347, start 0, size 262144"
time="2021-11-23T16:44:00+01:00" level=info msg="received piece index 347"
time="2021-11-23T16:44:00+01:00" level=debug msg="requesting piece 348, start 0, size 262144"
time="2021-11-23T16:44:01+01:00" level=info msg="received piece index 348"
time="2021-11-23T16:44:01+01:00" level=debug msg="requesting piece 349, start 0, size 262144"
time="2021-11-23T16:44:01+01:00" level=info msg="received piece index 349"
time="2021-11-23T16:44:01+01:00" level=debug msg="requesting piece 350, start 0, size 262144"
time="2021-11-23T16:44:01+01:00" level=info msg="received piece index 350"
time="2021-11-23T16:44:01+01:00" level=debug msg="requesting piece 351, start 0, size 262144"
time="2021-11-23T16:44:01+01:00" level=info msg="received piece index 351"
time="2021-11-23T16:44:01+01:00" level=debug msg="requesting piece 352, start 0, size 262144"
time="2021-11-23T16:44:02+01:00" level=info msg="received piece index 352"
time="2021-11-23T16:44:02+01:00" level=debug msg="requesting piece 353, start 0, size 262144"
time="2021-11-23T16:44:02+01:00" level=info msg="received piece index 353"
time="2021-11-23T16:44:02+01:00" level=debug msg="requesting piece 354, start 0, size 262144"
time="2021-11-23T16:44:02+01:00" level=info msg="received piece index 354"
time="2021-11-23T16:44:02+01:00" level=debug msg="requesting piece 355, start 0, size 262144"
time="2021-11-23T16:44:02+01:00" level=info msg="received piece index 355"
time="2021-11-23T16:44:02+01:00" level=debug msg="requesting piece 356, start 0, size 262144"
time="2021-11-23T16:44:03+01:00" level=info msg="received piece index 356"
time="2021-11-23T16:44:03+01:00" level=debug msg="requesting piece 357, start 0, size 262144"
time="2021-11-23T16:44:03+01:00" level=info msg="received piece index 357"
time="2021-11-23T16:44:03+01:00" level=debug msg="requesting piece 358, start 0, size 262144"
time="2021-11-23T16:44:03+01:00" level=info msg="received piece index 358"
time="2021-11-23T16:44:03+01:00" level=debug msg="requesting piece 359, start 0, size 262144"
time="2021-11-23T16:44:03+01:00" level=info msg="received piece index 359"
time="2021-11-23T16:44:03+01:00" level=debug msg="requesting piece 360, start 0, size 262144"
time="2021-11-23T16:44:03+01:00" level=info msg="received piece index 360"
time="2021-11-23T16:44:03+01:00" level=debug msg="requesting piece 361, start 0, size 262144"
time="2021-11-23T16:44:04+01:00" level=info msg="received piece index 361"
time="2021-11-23T16:44:04+01:00" level=debug msg="requesting piece 362, start 0, size 262144"
time="2021-11-23T16:44:04+01:00" level=info msg="received piece index 362"
time="2021-11-23T16:44:04+01:00" level=debug msg="requesting piece 363, start 0, size 262144"
time="2021-11-23T16:44:04+01:00" level=info msg="received piece index 363"
time="2021-11-23T16:44:04+01:00" level=debug msg="requesting piece 364, start 0, size 262144"
time="2021-11-23T16:44:04+01:00" level=info msg="received piece index 364"
time="2021-11-23T16:44:04+01:00" level=debug msg="requesting piece 365, start 0, size 262144"
time="2021-11-23T16:44:05+01:00" level=info msg="received piece index 365"
time="2021-11-23T16:44:05+01:00" level=debug msg="requesting piece 366, start 0, size 262144"
time="2021-11-23T16:44:05+01:00" level=info msg="received piece index 366"
time="2021-11-23T16:44:05+01:00" level=debug msg="requesting piece 367, start 0, size 262144"
time="2021-11-23T16:44:05+01:00" level=info msg="received piece index 367"
time="2021-11-23T16:44:05+01:00" level=debug msg="requesting piece 368, start 0, size 262144"
time="2021-11-23T16:44:05+01:00" level=info msg="received piece index 368"
time="2021-11-23T16:44:05+01:00" level=debug msg="requesting piece 369, start 0, size 262144"
time="2021-11-23T16:44:06+01:00" level=info msg="received piece index 369"
time="2021-11-23T16:44:06+01:00" level=debug msg="requesting piece 370, start 0, size 262144"
time="2021-11-23T16:44:06+01:00" level=info msg="received piece index 370"
time="2021-11-23T16:44:06+01:00" level=debug msg="requesting piece 371, start 0, size 262144"
time="2021-11-23T16:44:06+01:00" level=info msg="received piece index 371"
time="2021-11-23T16:44:06+01:00" level=debug msg="requesting piece 372, start 0, size 262144"
time="2021-11-23T16:44:06+01:00" level=info msg="received piece index 372"
time="2021-11-23T16:44:06+01:00" level=debug msg="requesting piece 373, start 0, size 262144"
time="2021-11-23T16:44:07+01:00" level=info msg="received piece index 373"
time="2021-11-23T16:44:07+01:00" level=debug msg="requesting piece 374, start 0, size 262144"
time="2021-11-23T16:44:07+01:00" level=info msg="received piece index 374"
time="2021-11-23T16:44:07+01:00" level=debug msg="requesting piece 375, start 0, size 262144"
time="2021-11-23T16:44:07+01:00" level=info msg="received piece index 375"
time="2021-11-23T16:44:07+01:00" level=debug msg="requesting piece 376, start 0, size 262144"
time="2021-11-23T16:44:07+01:00" level=info msg="received piece index 376"
time="2021-11-23T16:44:07+01:00" level=debug msg="requesting piece 377, start 0, size 262144"
time="2021-11-23T16:44:07+01:00" level=info msg="received piece index 377"
time="2021-11-23T16:44:07+01:00" level=debug msg="requesting piece 378, start 0, size 262144"
time="2021-11-23T16:44:08+01:00" level=info msg="received piece index 378"
time="2021-11-23T16:44:08+01:00" level=debug msg="requesting piece 379, start 0, size 262144"
time="2021-11-23T16:44:08+01:00" level=info msg="received piece index 379"
time="2021-11-23T16:44:08+01:00" level=debug msg="requesting piece 380, start 0, size 262144"
time="2021-11-23T16:44:08+01:00" level=info msg="received piece index 380"
time="2021-11-23T16:44:08+01:00" level=debug msg="requesting piece 381, start 0, size 262144"
time="2021-11-23T16:44:08+01:00" level=info msg="received piece index 381"
time="2021-11-23T16:44:08+01:00" level=debug msg="requesting piece 382, start 0, size 262144"
time="2021-11-23T16:44:09+01:00" level=info msg="received piece index 382"
time="2021-11-23T16:44:09+01:00" level=debug msg="requesting piece 383, start 0, size 262144"
time="2021-11-23T16:44:09+01:00" level=info msg="received piece index 383"
time="2021-11-23T16:44:09+01:00" level=debug msg="requesting piece 384, start 0, size 262144"
time="2021-11-23T16:44:09+01:00" level=info msg="received piece index 384"
time="2021-11-23T16:44:09+01:00" level=debug msg="requesting piece 385, start 0, size 262144"
time="2021-11-23T16:44:09+01:00" level=info msg="received piece index 385"
time="2021-11-23T16:44:09+01:00" level=debug msg="requesting piece 386, start 0, size 262144"
time="2021-11-23T16:44:10+01:00" level=info msg="received piece index 386"
time="2021-11-23T16:44:10+01:00" level=debug msg="requesting piece 387, start 0, size 262144"
time="2021-11-23T16:44:10+01:00" level=info msg="received piece index 387"
time="2021-11-23T16:44:10+01:00" level=debug msg="requesting piece 388, start 0, size 262144"
time="2021-11-23T16:44:10+01:00" level=info msg="received piece index 388"
time="2021-11-23T16:44:10+01:00" level=debug msg="requesting piece 389, start 0, size 262144"
time="2021-11-23T16:44:10+01:00" level=info msg="received piece index 389"
time="2021-11-23T16:44:10+01:00" level=debug msg="requesting piece 390, start 0, size 262144"
time="2021-11-23T16:44:10+01:00" level=info msg="received piece index 390"
time="2021-11-23T16:44:10+01:00" level=debug msg="requesting piece 391, start 0, size 262144"
time="2021-11-23T16:44:11+01:00" level=info msg="received piece index 391"
time="2021-11-23T16:44:11+01:00" level=debug msg="requesting piece 392, start 0, size 262144"
time="2021-11-23T16:44:11+01:00" level=info msg="received piece index 392"
time="2021-11-23T16:44:11+01:00" level=debug msg="requesting piece 393, start 0, size 262144"
time="2021-11-23T16:44:11+01:00" level=info msg="received piece index 393"
time="2021-11-23T16:44:11+01:00" level=debug msg="requesting piece 394, start 0, size 262144"
time="2021-11-23T16:44:11+01:00" level=info msg="received piece index 394"
time="2021-11-23T16:44:11+01:00" level=debug msg="requesting piece 395, start 0, size 262144"
time="2021-11-23T16:44:12+01:00" level=info msg="received piece index 395"
time="2021-11-23T16:44:12+01:00" level=debug msg="requesting piece 396, start 0, size 262144"
time="2021-11-23T16:44:12+01:00" level=info msg="received piece index 396"
time="2021-11-23T16:44:12+01:00" level=debug msg="requesting piece 397, start 0, size 262144"
time="2021-11-23T16:44:12+01:00" level=info msg="received piece index 397"
time="2021-11-23T16:44:12+01:00" level=debug msg="requesting piece 398, start 0, size 262144"
time="2021-11-23T16:44:12+01:00" level=info msg="received piece index 398"
time="2021-11-23T16:44:12+01:00" level=debug msg="requesting piece 399, start 0, size 262144"
time="2021-11-23T16:44:13+01:00" level=info msg="received piece index 399"
time="2021-11-23T16:44:13+01:00" level=debug msg="requesting piece 400, start 0, size 262144"
time="2021-11-23T16:44:13+01:00" level=info msg="received piece index 400"
time="2021-11-23T16:44:13+01:00" level=debug msg="requesting piece 401, start 0, size 262144"
time="2021-11-23T16:44:13+01:00" level=info msg="received piece index 401"
time="2021-11-23T16:44:13+01:00" level=debug msg="requesting piece 402, start 0, size 262144"
time="2021-11-23T16:44:13+01:00" level=info msg="received piece index 402"
time="2021-11-23T16:44:13+01:00" level=debug msg="requesting piece 403, start 0, size 262144"
time="2021-11-23T16:44:14+01:00" level=info msg="received piece index 403"
time="2021-11-23T16:44:14+01:00" level=debug msg="requesting piece 404, start 0, size 262144"
time="2021-11-23T16:44:14+01:00" level=info msg="received piece index 404"
time="2021-11-23T16:44:14+01:00" level=debug msg="requesting piece 405, start 0, size 262144"
time="2021-11-23T16:44:14+01:00" level=info msg="received piece index 405"
time="2021-11-23T16:44:14+01:00" level=debug msg="requesting piece 406, start 0, size 262144"
time="2021-11-23T16:44:14+01:00" level=info msg="received piece index 406"
time="2021-11-23T16:44:14+01:00" level=debug msg="requesting piece 407, start 0, size 262144"
time="2021-11-23T16:44:14+01:00" level=info msg="received piece index 407"
time="2021-11-23T16:44:14+01:00" level=debug msg="requesting piece 408, start 0, size 262144"
time="2021-11-23T16:44:15+01:00" level=info msg="received piece index 408"
time="2021-11-23T16:44:15+01:00" level=debug msg="requesting piece 409, start 0, size 262144"
time="2021-11-23T16:44:15+01:00" level=info msg="received piece index 409"
time="2021-11-23T16:44:15+01:00" level=debug msg="requesting piece 410, start 0, size 262144"
time="2021-11-23T16:44:15+01:00" level=info msg="received piece index 410"
time="2021-11-23T16:44:15+01:00" level=debug msg="requesting piece 411, start 0, size 262144"
time="2021-11-23T16:44:15+01:00" level=info msg="received piece index 411"
time="2021-11-23T16:44:15+01:00" level=debug msg="requesting piece 412, start 0, size 262144"
time="2021-11-23T16:44:16+01:00" level=info msg="received piece index 412"
time="2021-11-23T16:44:16+01:00" level=debug msg="requesting piece 413, start 0, size 262144"
time="2021-11-23T16:44:16+01:00" level=info msg="received piece index 413"
time="2021-11-23T16:44:16+01:00" level=debug msg="requesting piece 414, start 0, size 262144"
time="2021-11-23T16:44:16+01:00" level=info msg="received piece index 414"
time="2021-11-23T16:44:16+01:00" level=debug msg="requesting piece 415, start 0, size 262144"
time="2021-11-23T16:44:16+01:00" level=info msg="received piece index 415"
time="2021-11-23T16:44:16+01:00" level=debug msg="requesting piece 416, start 0, size 262144"
time="2021-11-23T16:44:17+01:00" level=info msg="received piece index 416"
time="2021-11-23T16:44:17+01:00" level=debug msg="requesting piece 417, start 0, size 262144"
time="2021-11-23T16:44:17+01:00" level=info msg="received piece index 417"
time="2021-11-23T16:44:17+01:00" level=debug msg="requesting piece 418, start 0, size 262144"
time="2021-11-23T16:44:17+01:00" level=info msg="received piece index 418"
time="2021-11-23T16:44:17+01:00" level=debug msg="requesting piece 419, start 0, size 262144"
time="2021-11-23T16:44:17+01:00" level=info msg="received piece index 419"
time="2021-11-23T16:44:17+01:00" level=debug msg="requesting piece 420, start 0, size 262144"
time="2021-11-23T16:44:17+01:00" level=info msg="received piece index 420"
time="2021-11-23T16:44:17+01:00" level=debug msg="requesting piece 421, start 0, size 262144"
time="2021-11-23T16:44:18+01:00" level=info msg="received piece index 421"
time="2021-11-23T16:44:18+01:00" level=debug msg="requesting piece 422, start 0, size 262144"
time="2021-11-23T16:44:18+01:00" level=info msg="received piece index 422"
time="2021-11-23T16:44:18+01:00" level=debug msg="requesting piece 423, start 0, size 262144"
time="2021-11-23T16:44:18+01:00" level=info msg="received piece index 423"
time="2021-11-23T16:44:18+01:00" level=debug msg="requesting piece 424, start 0, size 262144"
time="2021-11-23T16:44:18+01:00" level=info msg="received piece index 424"
time="2021-11-23T16:44:18+01:00" level=debug msg="requesting piece 425, start 0, size 262144"
time="2021-11-23T16:44:19+01:00" level=info msg="received piece index 425"
time="2021-11-23T16:44:19+01:00" level=debug msg="requesting piece 426, start 0, size 262144"
time="2021-11-23T16:44:19+01:00" level=info msg="received piece index 426"
time="2021-11-23T16:44:19+01:00" level=debug msg="requesting piece 427, start 0, size 262144"
time="2021-11-23T16:44:19+01:00" level=info msg="received piece index 427"
time="2021-11-23T16:44:19+01:00" level=debug msg="requesting piece 428, start 0, size 262144"
time="2021-11-23T16:44:19+01:00" level=info msg="received piece index 428"
time="2021-11-23T16:44:19+01:00" level=debug msg="requesting piece 429, start 0, size 262144"
time="2021-11-23T16:44:20+01:00" level=info msg="received piece index 429"
time="2021-11-23T16:44:20+01:00" level=debug msg="requesting piece 430, start 0, size 262144"
time="2021-11-23T16:44:20+01:00" level=info msg="received piece index 430"
time="2021-11-23T16:44:20+01:00" level=debug msg="requesting piece 431, start 0, size 262144"
time="2021-11-23T16:44:20+01:00" level=info msg="received piece index 431"
time="2021-11-23T16:44:20+01:00" level=debug msg="requesting piece 432, start 0, size 262144"
time="2021-11-23T16:44:20+01:00" level=info msg="received piece index 432"
time="2021-11-23T16:44:20+01:00" level=debug msg="requesting piece 433, start 0, size 262144"
time="2021-11-23T16:44:20+01:00" level=info msg="received piece index 433"
time="2021-11-23T16:44:20+01:00" level=debug msg="requesting piece 434, start 0, size 262144"
time="2021-11-23T16:44:21+01:00" level=info msg="received piece index 434"
time="2021-11-23T16:44:21+01:00" level=debug msg="requesting piece 435, start 0, size 262144"
time="2021-11-23T16:44:21+01:00" level=info msg="received piece index 435"
time="2021-11-23T16:44:21+01:00" level=debug msg="requesting piece 436, start 0, size 262144"
time="2021-11-23T16:44:21+01:00" level=info msg="received piece index 436"
time="2021-11-23T16:44:21+01:00" level=debug msg="requesting piece 437, start 0, size 262144"
time="2021-11-23T16:44:21+01:00" level=info msg="received piece index 437"
time="2021-11-23T16:44:21+01:00" level=debug msg="requesting piece 438, start 0, size 262144"
time="2021-11-23T16:44:22+01:00" level=info msg="received piece index 438"
time="2021-11-23T16:44:22+01:00" level=debug msg="requesting piece 439, start 0, size 262144"
time="2021-11-23T16:44:22+01:00" level=info msg="received piece index 439"
time="2021-11-23T16:44:22+01:00" level=debug msg="requesting piece 440, start 0, size 262144"
time="2021-11-23T16:44:22+01:00" level=info msg="received piece index 440"
time="2021-11-23T16:44:22+01:00" level=debug msg="requesting piece 441, start 0, size 262144"
time="2021-11-23T16:44:22+01:00" level=info msg="received piece index 441"
time="2021-11-23T16:44:22+01:00" level=debug msg="requesting piece 442, start 0, size 262144"
time="2021-11-23T16:44:23+01:00" level=info msg="received piece index 442"
time="2021-11-23T16:44:23+01:00" level=debug msg="requesting piece 443, start 0, size 262144"
time="2021-11-23T16:44:23+01:00" level=info msg="received piece index 443"
time="2021-11-23T16:44:23+01:00" level=debug msg="requesting piece 444, start 0, size 262144"
time="2021-11-23T16:44:23+01:00" level=info msg="received piece index 444"
time="2021-11-23T16:44:23+01:00" level=debug msg="requesting piece 445, start 0, size 262144"
time="2021-11-23T16:44:23+01:00" level=info msg="received piece index 445"
time="2021-11-23T16:44:23+01:00" level=debug msg="requesting piece 446, start 0, size 262144"
time="2021-11-23T16:44:24+01:00" level=info msg="received piece index 446"
time="2021-11-23T16:44:24+01:00" level=debug msg="requesting piece 447, start 0, size 262144"
time="2021-11-23T16:44:24+01:00" level=info msg="received piece index 447"
time="2021-11-23T16:44:24+01:00" level=debug msg="requesting piece 448, start 0, size 262144"
time="2021-11-23T16:44:24+01:00" level=info msg="received piece index 448"
time="2021-11-23T16:44:24+01:00" level=debug msg="requesting piece 449, start 0, size 262144"
time="2021-11-23T16:44:24+01:00" level=info msg="received piece index 449"
time="2021-11-23T16:44:24+01:00" level=debug msg="requesting piece 450, start 0, size 262144"
time="2021-11-23T16:44:24+01:00" level=info msg="received piece index 450"
time="2021-11-23T16:44:24+01:00" level=debug msg="requesting piece 451, start 0, size 262144"
time="2021-11-23T16:44:25+01:00" level=info msg="received piece index 451"
time="2021-11-23T16:44:25+01:00" level=debug msg="requesting piece 452, start 0, size 262144"
time="2021-11-23T16:44:25+01:00" level=info msg="received piece index 452"
time="2021-11-23T16:44:25+01:00" level=debug msg="requesting piece 453, start 0, size 262144"
time="2021-11-23T16:44:25+01:00" level=info msg="received piece index 453"
time="2021-11-23T16:44:25+01:00" level=debug msg="requesting piece 454, start 0, size 262144"
time="2021-11-23T16:44:25+01:00" level=info msg="received piece index 454"
time="2021-11-23T16:44:25+01:00" level=debug msg="requesting piece 455, start 0, size 262144"
time="2021-11-23T16:44:26+01:00" level=info msg="received piece index 455"
time="2021-11-23T16:44:26+01:00" level=debug msg="requesting piece 456, start 0, size 262144"
time="2021-11-23T16:44:26+01:00" level=info msg="received piece index 456"
time="2021-11-23T16:44:26+01:00" level=debug msg="requesting piece 457, start 0, size 262144"
time="2021-11-23T16:44:26+01:00" level=info msg="received piece index 457"
time="2021-11-23T16:44:26+01:00" level=debug msg="requesting piece 458, start 0, size 262144"
time="2021-11-23T16:44:26+01:00" level=info msg="received piece index 458"
time="2021-11-23T16:44:26+01:00" level=debug msg="requesting piece 459, start 0, size 262144"
time="2021-11-23T16:44:27+01:00" level=info msg="received piece index 459"
time="2021-11-23T16:44:27+01:00" level=debug msg="requesting piece 460, start 0, size 262144"
time="2021-11-23T16:44:27+01:00" level=info msg="received piece index 460"
time="2021-11-23T16:44:27+01:00" level=debug msg="requesting piece 461, start 0, size 262144"
time="2021-11-23T16:44:27+01:00" level=info msg="received piece index 461"
time="2021-11-23T16:44:27+01:00" level=debug msg="requesting piece 462, start 0, size 262144"
time="2021-11-23T16:44:27+01:00" level=info msg="received piece index 462"
time="2021-11-23T16:44:27+01:00" level=debug msg="requesting piece 463, start 0, size 262144"
time="2021-11-23T16:44:27+01:00" level=info msg="received piece index 463"
time="2021-11-23T16:44:27+01:00" level=debug msg="requesting piece 464, start 0, size 262144"
time="2021-11-23T16:44:28+01:00" level=info msg="received piece index 464"
time="2021-11-23T16:44:28+01:00" level=debug msg="requesting piece 465, start 0, size 262144"
time="2021-11-23T16:44:28+01:00" level=info msg="received piece index 465"
time="2021-11-23T16:44:28+01:00" level=debug msg="requesting piece 466, start 0, size 262144"
time="2021-11-23T16:44:28+01:00" level=info msg="received piece index 466"
time="2021-11-23T16:44:28+01:00" level=debug msg="requesting piece 467, start 0, size 262144"
time="2021-11-23T16:44:28+01:00" level=info msg="received piece index 467"
time="2021-11-23T16:44:28+01:00" level=debug msg="requesting piece 468, start 0, size 262144"
time="2021-11-23T16:44:29+01:00" level=info msg="received piece index 468"
time="2021-11-23T16:44:29+01:00" level=debug msg="requesting piece 469, start 0, size 262144"
time="2021-11-23T16:44:29+01:00" level=info msg="received piece index 469"
time="2021-11-23T16:44:29+01:00" level=debug msg="requesting piece 470, start 0, size 262144"
time="2021-11-23T16:44:29+01:00" level=info msg="received piece index 470"
time="2021-11-23T16:44:29+01:00" level=debug msg="requesting piece 471, start 0, size 262144"
time="2021-11-23T16:44:29+01:00" level=info msg="received piece index 471"
time="2021-11-23T16:44:29+01:00" level=debug msg="requesting piece 472, start 0, size 262144"
time="2021-11-23T16:44:30+01:00" level=info msg="received piece index 472"
time="2021-11-23T16:44:30+01:00" level=debug msg="requesting piece 473, start 0, size 262144"
time="2021-11-23T16:44:30+01:00" level=info msg="received piece index 473"
time="2021-11-23T16:44:30+01:00" level=debug msg="requesting piece 474, start 0, size 262144"
time="2021-11-23T16:44:30+01:00" level=info msg="received piece index 474"
time="2021-11-23T16:44:30+01:00" level=debug msg="requesting piece 475, start 0, size 262144"
time="2021-11-23T16:44:30+01:00" level=info msg="received piece index 475"
time="2021-11-23T16:44:30+01:00" level=debug msg="requesting piece 476, start 0, size 262144"
time="2021-11-23T16:44:30+01:00" level=info msg="received piece index 476"
time="2021-11-23T16:44:30+01:00" level=debug msg="requesting piece 477, start 0, size 262144"
time="2021-11-23T16:44:31+01:00" level=info msg="received piece index 477"
time="2021-11-23T16:44:31+01:00" level=debug msg="requesting piece 478, start 0, size 262144"
time="2021-11-23T16:44:31+01:00" level=info msg="received piece index 478"
time="2021-11-23T16:44:31+01:00" level=debug msg="requesting piece 479, start 0, size 262144"
time="2021-11-23T16:44:31+01:00" level=info msg="received piece index 479"
time="2021-11-23T16:44:31+01:00" level=debug msg="requesting piece 480, start 0, size 262144"
time="2021-11-23T16:44:31+01:00" level=info msg="received piece index 480"
time="2021-11-23T16:44:31+01:00" level=debug msg="requesting piece 481, start 0, size 262144"
time="2021-11-23T16:44:32+01:00" level=info msg="received piece index 481"
time="2021-11-23T16:44:32+01:00" level=debug msg="requesting piece 482, start 0, size 262144"
time="2021-11-23T16:44:32+01:00" level=info msg="received piece index 482"
time="2021-11-23T16:44:32+01:00" level=debug msg="requesting piece 483, start 0, size 262144"
time="2021-11-23T16:44:32+01:00" level=info msg="received piece index 483"
time="2021-11-23T16:44:32+01:00" level=debug msg="requesting piece 484, start 0, size 262144"
time="2021-11-23T16:44:32+01:00" level=info msg="received piece index 484"
time="2021-11-23T16:44:32+01:00" level=debug msg="requesting piece 485, start 0, size 262144"
time="2021-11-23T16:44:33+01:00" level=info msg="received piece index 485"
time="2021-11-23T16:44:33+01:00" level=debug msg="requesting piece 486, start 0, size 262144"
time="2021-11-23T16:44:33+01:00" level=info msg="received piece index 486"
time="2021-11-23T16:44:33+01:00" level=debug msg="requesting piece 487, start 0, size 262144"
time="2021-11-23T16:44:33+01:00" level=info msg="received piece index 487"
time="2021-11-23T16:44:33+01:00" level=debug msg="requesting piece 488, start 0, size 262144"
time="2021-11-23T16:44:33+01:00" level=info msg="received piece index 488"
time="2021-11-23T16:44:33+01:00" level=debug msg="requesting piece 489, start 0, size 262144"
time="2021-11-23T16:44:34+01:00" level=info msg="received piece index 489"
time="2021-11-23T16:44:34+01:00" level=debug msg="requesting piece 490, start 0, size 262144"
time="2021-11-23T16:44:34+01:00" level=info msg="received piece index 490"
time="2021-11-23T16:44:34+01:00" level=debug msg="requesting piece 491, start 0, size 262144"
time="2021-11-23T16:44:34+01:00" level=info msg="received piece index 491"
time="2021-11-23T16:44:34+01:00" level=debug msg="requesting piece 492, start 0, size 262144"
time="2021-11-23T16:44:34+01:00" level=info msg="received piece index 492"
time="2021-11-23T16:44:34+01:00" level=debug msg="requesting piece 493, start 0, size 262144"
time="2021-11-23T16:44:34+01:00" level=info msg="received piece index 493"
time="2021-11-23T16:44:34+01:00" level=debug msg="requesting piece 494, start 0, size 262144"
time="2021-11-23T16:44:35+01:00" level=info msg="received piece index 494"
time="2021-11-23T16:44:35+01:00" level=debug msg="requesting piece 495, start 0, size 262144"
time="2021-11-23T16:44:35+01:00" level=info msg="received piece index 495"
time="2021-11-23T16:44:35+01:00" level=debug msg="requesting piece 496, start 0, size 262144"
time="2021-11-23T16:44:35+01:00" level=info msg="received piece index 496"
time="2021-11-23T16:44:35+01:00" level=debug msg="requesting piece 497, start 0, size 262144"
time="2021-11-23T16:44:35+01:00" level=info msg="received piece index 497"
time="2021-11-23T16:44:35+01:00" level=debug msg="requesting piece 498, start 0, size 262144"
time="2021-11-23T16:44:36+01:00" level=info msg="received piece index 498"
time="2021-11-23T16:44:36+01:00" level=debug msg="requesting piece 499, start 0, size 262144"
time="2021-11-23T16:44:36+01:00" level=info msg="received piece index 499"
time="2021-11-23T16:44:36+01:00" level=debug msg="requesting piece 500, start 0, size 262144"
time="2021-11-23T16:44:36+01:00" level=info msg="received piece index 500"
time="2021-11-23T16:44:36+01:00" level=debug msg="requesting piece 501, start 0, size 262144"
time="2021-11-23T16:44:36+01:00" level=info msg="received piece index 501"
time="2021-11-23T16:44:36+01:00" level=debug msg="requesting piece 502, start 0, size 262144"
time="2021-11-23T16:44:37+01:00" level=info msg="received piece index 502"
time="2021-11-23T16:44:37+01:00" level=debug msg="requesting piece 503, start 0, size 262144"
time="2021-11-23T16:44:37+01:00" level=info msg="received piece index 503"
time="2021-11-23T16:44:37+01:00" level=debug msg="requesting piece 504, start 0, size 262144"
time="2021-11-23T16:44:37+01:00" level=info msg="received piece index 504"
time="2021-11-23T16:44:37+01:00" level=debug msg="requesting piece 505, start 0, size 262144"
time="2021-11-23T16:44:37+01:00" level=info msg="received piece index 505"
time="2021-11-23T16:44:37+01:00" level=debug msg="requesting piece 506, start 0, size 262144"
time="2021-11-23T16:44:37+01:00" level=info msg="received piece index 506"
time="2021-11-23T16:44:37+01:00" level=debug msg="requesting piece 507, start 0, size 262144"
time="2021-11-23T16:44:38+01:00" level=info msg="received piece index 507"
time="2021-11-23T16:44:38+01:00" level=info msg="Writing output file /field_setup/alpine.iso"
time="2021-11-23T16:44:38+01:00" level=info msg="Done writing output file, download complete"
time="2021-11-23T16:44:38+01:00" level=info msg="Stats &{announcesHandled:1 blockedPeers:0 receivedPeersWhileTraversing:2 announcesStarted:1}"
